TN:
SF:contracts/BurnieCoin.sol
DA:212,217
FN:212,BurnieCoin.constructor
FNDA:217,BurnieCoin.constructor
DA:213,217
DA:229,0
FN:229,BurnieCoin.balanceOfWithClaimable
FNDA:0,BurnieCoin.balanceOfWithClaimable
DA:230,0
DA:231,0
BRDA:231,0,0,-
DA:232,0
DA:235,0
DA:240,0
FN:240,BurnieCoin.totalSupply
FNDA:0,BurnieCoin.totalSupply
DA:241,0
DA:247,0
FN:247,BurnieCoin.supplyIncUncirculated
FNDA:0,BurnieCoin.supplyIncUncirculated
DA:248,0
DA:254,13422
FN:254,BurnieCoin.vaultMintAllowance
FNDA:13422,BurnieCoin.vaultMintAllowance
DA:255,13422
DA:285,0
FN:285,BurnieCoin.approve
FNDA:0,BurnieCoin.approve
DA:286,0
DA:287,0
BRDA:287,1,0,-
DA:288,0
DA:290,0
DA:291,0
DA:299,3599
FN:299,BurnieCoin.transfer
FNDA:3599,BurnieCoin.transfer
DA:300,3599
DA:301,3599
DA:302,1421
DA:313,0
FN:313,BurnieCoin.transferFrom
FNDA:0,BurnieCoin.transferFrom
DA:319,0
BRDA:319,2,0,-
DA:320,0
DA:322,0
BRDA:322,3,0,-
DA:324,0
DA:325,0
DA:326,0
DA:329,0
DA:330,0
DA:331,0
DA:334,9675
FN:334,BurnieCoin._toUint128
FNDA:9675,BurnieCoin._toUint128
DA:335,9675
BRDA:335,4,0,0
DA:336,9675
DA:344,3599
FN:344,BurnieCoin._transfer
FNDA:3599,BurnieCoin._transfer
DA:345,3599
BRDA:345,5,0,0
DA:347,3599
DA:349,1421
BRDA:349,6,0,0
DA:351,0
DA:353,0
DA:354,0
DA:356,0
DA:357,0
DA:358,0
DA:362,1421
DA:363,1421
DA:370,2992
FN:370,BurnieCoin._mint
FNDA:2992,BurnieCoin._mint
DA:371,2992
BRDA:371,7,0,0
DA:372,2992
DA:373,2992
BRDA:373,8,0,2775
DA:375,2775
DA:377,2775
DA:378,2775
DA:380,217
DA:381,217
DA:382,217
DA:390,645
FN:390,BurnieCoin._burn
FNDA:645,BurnieCoin._burn
DA:391,645
BRDA:391,9,0,0
DA:392,645
DA:393,645
BRDA:393,10,0,0
DA:394,0
DA:395,0
BRDA:395,11,0,-
DA:397,0
DA:399,0
DA:400,0
DA:403,645
DA:404,645
DA:405,645
DA:419,0
FN:419,BurnieCoin.burnForCoinflip
FNDA:0,BurnieCoin.burnForCoinflip
DA:420,0
BRDA:420,12,0,-
DA:421,0
DA:428,2775
FN:428,BurnieCoin.mintForGame
FNDA:2775,BurnieCoin.mintForGame
DA:429,2775
BRDA:429,13,0,0
DA:430,2775
BRDA:430,14,0,0
DA:431,2775
DA:434,3599
FN:434,BurnieCoin._claimCoinflipShortfall
FNDA:3599,BurnieCoin._claimCoinflipShortfall
DA:435,3599
BRDA:435,15,0,0
DA:436,3599
BRDA:436,16,0,1959
DA:437,1640
DA:438,1640
BRDA:438,17,0,1043
DA:440,597
DA:447,645
FN:447,BurnieCoin._consumeCoinflipShortfall
FNDA:645,BurnieCoin._consumeCoinflipShortfall
DA:448,645
BRDA:448,18,0,0
DA:449,645
BRDA:449,19,0,0
DA:450,645
DA:451,645
BRDA:451,20,0,0
DA:453,645
DA:477,645
FN:477,BurnieCoin.onlyGame
FNDA:645,BurnieCoin.onlyGame
DA:478,645
BRDA:478,21,0,0
DA:484,6038
FN:484,BurnieCoin.onlyVault
FNDA:6038,BurnieCoin.onlyVault
DA:485,6038
BRDA:485,22,0,0
DA:500,0
FN:500,BurnieCoin.vaultEscrow
FNDA:0,BurnieCoin.vaultEscrow
DA:501,0
DA:503,0
DA:504,0
DA:505,0
BRDA:505,23,0,-
DA:506,0
DA:508,0
DA:510,0
DA:517,6038
FN:517,BurnieCoin.vaultMintTo
FNDA:6038,BurnieCoin.vaultMintTo
DA:518,6038
BRDA:518,24,0,0
DA:519,6038
DA:520,6038
DA:521,6038
BRDA:521,25,0,0
DA:523,6038
DA:524,6038
DA:525,6038
DA:527,6038
DA:528,6038
DA:537,645
FN:537,BurnieCoin.burnCoin
FNDA:645,BurnieCoin.burnCoin
DA:541,645
DA:542,645
DA:558,0
FN:558,BurnieCoin.decimatorBurn
FNDA:0,BurnieCoin.decimatorBurn
DA:559,0
DA:560,0
BRDA:560,26,0,-
BRDA:560,26,1,-
DA:561,0
DA:563,0
BRDA:563,27,0,-
DA:564,0
DA:566,0
DA:569,0
BRDA:569,28,0,-
DA:571,0
BRDA:571,29,0,-
DA:572,0
DA:574,0
DA:576,0
DA:579,0
DA:580,0
DA:583,0
DA:584,0
BRDA:584,30,0,-
DA:585,0
DA:588,0
DA:589,0
DA:592,0
DA:598,0
DA:599,0
BRDA:599,31,0,-
DA:600,0
DA:603,0
DA:604,0
DA:607,0
DA:615,0
DA:631,0
FN:631,BurnieCoin.terminalDecimatorBurn
FNDA:0,BurnieCoin.terminalDecimatorBurn
DA:632,0
DA:633,0
BRDA:633,32,0,-
BRDA:633,32,1,-
DA:634,0
DA:636,0
BRDA:636,33,0,-
DA:637,0
DA:639,0
DA:642,0
BRDA:642,34,0,-
DA:644,0
DA:645,0
BRDA:645,35,0,-
DA:647,0
DA:648,0
DA:650,0
DA:656,0
DA:665,0
FN:665,BurnieCoin._adjustDecimatorBucket
FNDA:0,BurnieCoin._adjustDecimatorBucket
DA:669,0
DA:670,0
BRDA:670,36,0,-
DA:672,0
BRDA:672,37,0,-
DA:673,0
DA:676,0
DA:677,0
DA:678,0
DA:679,0
BRDA:679,38,0,-
DA:680,0
DA:684,0
FN:684,BurnieCoin._decimatorBurnMultiplier
FNDA:0,BurnieCoin._decimatorBurnMultiplier
DA:685,0
BRDA:685,39,0,-
DA:686,0
FNF:25
FNH:14
LF:168
LH:67
BRF:42
BRH:3
end_of_record
TN:
SF:contracts/BurnieCoinflip.sol
DA:187,217
FN:187,BurnieCoinflip.onlyDegenerusGameContract
FNDA:217,BurnieCoinflip.onlyDegenerusGameContract
DA:188,217
BRDA:188,0,0,0
DA:194,183504
FN:194,BurnieCoinflip.onlyFlipCreditors
FNDA:183504,BurnieCoinflip.onlyFlipCreditors
DA:195,183504
DA:197,183504
DA:198,0
DA:199,0
DA:200,0
DA:201,0
BRDA:201,1,0,-
DA:205,645
FN:205,BurnieCoinflip.onlyBurnieCoin
FNDA:645,BurnieCoinflip.onlyBurnieCoin
DA:206,645
BRDA:206,2,0,0
DA:217,217
FN:217,BurnieCoinflip.settleFlipModeChange
FNDA:217,BurnieCoinflip.settleFlipModeChange
DA:219,217
DA:220,217
BRDA:220,3,0,0
DA:221,0
DA:222,0
DA:229,0
FN:229,BurnieCoinflip.depositCoinflip
FNDA:0,BurnieCoinflip.depositCoinflip
DA:230,0
DA:231,0
DA:232,0
BRDA:232,4,0,-
BRDA:232,4,1,-
DA:233,0
DA:234,0
DA:236,0
BRDA:236,5,0,-
DA:237,0
DA:239,0
DA:240,0
DA:242,0
DA:246,0
FN:246,BurnieCoinflip._depositCoinflip
FNDA:0,BurnieCoinflip._depositCoinflip
DA:251,0
DA:252,0
BRDA:252,6,0,-
DA:253,0
BRDA:253,7,0,-
DA:256,0
BRDA:256,8,0,-
DA:259,0
DA:260,0
BRDA:260,9,0,-
DA:261,0
DA:264,0
BRDA:264,10,0,-
DA:265,0
DA:266,0
DA:270,0
DA:273,0
DA:274,0
DA:279,0
DA:280,0
DA:289,0
DA:290,0
DA:291,0
DA:294,0
DA:297,0
BRDA:297,11,0,-
DA:299,0
DA:300,0
DA:301,0
BRDA:301,12,0,-
BRDA:301,12,1,-
DA:302,0
DA:305,0
DA:307,0
DA:309,0
DA:312,0
DA:319,0
DA:332,2178
FN:332,BurnieCoinflip.claimCoinflips
FNDA:2178,BurnieCoinflip.claimCoinflips
DA:336,2178
DA:345,597
FN:345,BurnieCoinflip.claimCoinflipsFromBurnie
FNDA:597,BurnieCoinflip.claimCoinflipsFromBurnie
DA:349,597
DA:358,0
FN:358,BurnieCoinflip.claimCoinflipsForRedemption
FNDA:0,BurnieCoinflip.claimCoinflipsForRedemption
DA:362,0
BRDA:362,13,0,-
DA:363,0
DA:370,7139
FN:370,BurnieCoinflip.getCoinflipDayResult
FNDA:7139,BurnieCoinflip.getCoinflipDayResult
DA:371,7139
DA:372,7139
DA:381,645
FN:381,BurnieCoinflip.consumeCoinflipsForBurn
FNDA:645,BurnieCoinflip.consumeCoinflipsForBurn
DA:385,645
DA:389,3420
FN:389,BurnieCoinflip._claimCoinflipsAmount
FNDA:3420,BurnieCoinflip._claimCoinflipsAmount
DA:394,3420
DA:395,3420
DA:396,3420
DA:397,3420
BRDA:397,14,0,645
DA:399,2775
DA:400,2775
BRDA:400,15,0,0
DA:401,0
DA:403,2775
BRDA:403,16,0,2775
DA:404,2775
DA:407,2775
BRDA:407,17,0,2775
DA:408,2775
BRDA:408,18,0,2775
DA:409,2775
DA:411,2775
DA:416,4205673
FN:416,BurnieCoinflip._claimCoinflipsInternal
FNDA:4205673,BurnieCoinflip._claimCoinflipsInternal
DA:420,4205673
DA:421,4205673
DA:422,4205673
DA:423,4205673
DA:424,4205673
DA:426,4205673
DA:427,4205673
DA:428,4205673
DA:429,4205673
DA:430,4205673
DA:431,4205673
DA:432,4205673
DA:433,4205673
DA:434,4205673
DA:435,4205673
DA:436,4205673
DA:437,4205673
DA:438,4205673
DA:439,4201819
BRDA:439,19,0,4201819
DA:440,4201819
DA:441,4201819
DA:442,4201819
DA:445,4205673
DA:446,4202036
BRDA:446,20,0,4202036
BRDA:446,20,1,0
DA:447,4202036
DA:448,3637
BRDA:448,21,0,0
DA:449,0
DA:450,0
DA:453,4205673
BRDA:453,22,0,1630199
DA:456,2575474
DA:457,2575474
DA:458,2572651
BRDA:458,23,0,2572651
BRDA:458,23,1,1254
DA:459,2572651
DA:460,2572651
BRDA:460,24,0,0
DA:461,0
DA:465,2823
DA:468,2575474
BRDA:468,25,0,1569
DA:469,1569
DA:470,1569
BRDA:470,26,0,0
DA:471,0
DA:475,2575474
DA:477,2575474
DA:479,2575474
DA:481,2575474
DA:482,0
BRDA:482,27,0,-
BRDA:482,27,1,-
DA:483,0
DA:484,0
DA:487,0
DA:489,2575474
DA:493,54321771
DA:494,51746297
DA:495,51746297
DA:496,51746297
DA:499,51746297
BRDA:499,28,0,49663323
DA:500,49663323
DA:501,49663323
DA:504,2082974
DA:505,2082974
DA:506,2082974
BRDA:506,29,0,62157
DA:507,62157
DA:510,2082974
BRDA:510,30,0,111659
DA:512,111659
DA:515,2082974
BRDA:515,31,0,133755
DA:516,67436
BRDA:516,32,0,67436
BRDA:516,32,1,65292
DA:518,67436
DA:519,67436
DA:521,67436
BRDA:521,33,0,66986
DA:522,66986
DA:523,66986
DA:525,67436
BRDA:525,34,0,67436
DA:526,67436
DA:528,64808
BRDA:528,35,0,64808
BRDA:528,35,1,0
DA:529,64808
BRDA:529,36,0,0
BRDA:529,36,1,0
DA:530,0
DA:532,0
BRDA:532,37,0,-
DA:533,0
DA:535,0
DA:537,64808
DA:539,64808
BRDA:539,38,0,64808
DA:540,64808
BRDA:540,39,0,64808
BRDA:540,39,1,0
DA:541,64808
DA:546,0
DA:550,2628
DA:554,66319
DA:556,65292
BRDA:556,40,0,65292
DA:557,65292
DA:562,2082974
DA:564,2082974
DA:565,2082974
DA:572,2575474
BRDA:572,41,0,0
DA:573,2178
BRDA:573,42,0,2178
DA:574,2178
DA:575,2178
DA:577,2178
DA:583,2178
DA:584,2178
DA:586,2178
DA:587,2178
DA:588,0
DA:589,0
DA:591,0
BRDA:591,43,0,-
DA:592,0
DA:594,2178
DA:595,2178
BRDA:595,44,0,2178
DA:596,2178
DA:598,2178
DA:599,2178
DA:603,2575474
BRDA:603,45,0,2027368
DA:604,2027368
DA:607,2575474
BRDA:607,46,0,95776
DA:609,95776
DA:612,2575474
BRDA:612,47,0,66105
DA:613,66105
DA:616,2575474
DA:624,9339732
FN:624,BurnieCoinflip._addDailyFlip
FNDA:9339732,BurnieCoinflip._addDailyFlip
DA:631,9339732
DA:632,9339732
BRDA:632,48,0,0
DA:635,0
DA:636,0
BRDA:636,49,0,-
DA:637,0
DA:638,0
DA:641,0
DA:642,0
DA:647,9339732
DA:649,9339732
DA:650,9339732
DA:653,9339732
DA:654,9339732
DA:655,9339732
DA:659,9339732
BRDA:659,50,0,0
DA:660,0
DA:661,0
BRDA:661,51,0,-
DA:662,0
DA:663,0
DA:665,0
BRDA:665,52,0,-
DA:666,0
DA:667,0
DA:671,0
DA:672,0
BRDA:672,53,0,-
DA:673,0
DA:675,0
DA:677,0
BRDA:677,54,0,-
DA:678,0
DA:679,0
DA:693,217
FN:693,BurnieCoinflip.setCoinflipAutoRebuy
FNDA:217,BurnieCoinflip.setCoinflipAutoRebuy
DA:698,217
DA:699,217
BRDA:699,55,0,0
BRDA:699,55,1,0
DA:700,0
DA:701,217
BRDA:701,56,0,0
DA:702,0
DA:704,217
DA:710,0
FN:710,BurnieCoinflip.setCoinflipAutoRebuyTakeProfit
FNDA:0,BurnieCoinflip.setCoinflipAutoRebuyTakeProfit
DA:714,0
DA:719,217
FN:719,BurnieCoinflip._setCoinflipAutoRebuy
FNDA:217,BurnieCoinflip._setCoinflipAutoRebuy
DA:725,217
DA:726,217
DA:727,217
BRDA:727,57,0,0
DA:729,217
BRDA:729,58,0,217
BRDA:729,58,1,0
DA:730,217
DA:731,0
BRDA:731,59,0,-
BRDA:731,59,1,217
DA:732,0
BRDA:732,60,0,-
DA:733,0
DA:734,0
DA:736,0
BRDA:736,61,0,-
BRDA:736,61,1,217
DA:737,0
DA:738,0
DA:739,0
DA:740,0
DA:741,0
DA:743,217
DA:744,217
DA:745,217
DA:746,217
DA:747,217
DA:750,217
BRDA:750,62,0,0
DA:751,0
DA:754,0
DA:755,0
DA:756,0
BRDA:756,63,0,-
DA:757,0
DA:758,0
DA:760,0
DA:761,0
DA:762,0
DA:763,0
DA:766,217
BRDA:766,64,0,0
DA:767,0
DA:773,0
FN:773,BurnieCoinflip._setCoinflipAutoRebuyTakeProfit
FNDA:0,BurnieCoinflip._setCoinflipAutoRebuyTakeProfit
DA:777,0
BRDA:777,65,0,-
DA:778,0
DA:779,0
BRDA:779,66,0,-
DA:781,0
DA:782,0
DA:783,0
DA:785,0
BRDA:785,67,0,-
DA:786,0
DA:789,0
BRDA:789,68,0,-
DA:790,0
DA:802,4201819
FN:802,BurnieCoinflip.processCoinflipPayouts
FNDA:4201819,BurnieCoinflip.processCoinflipPayouts
DA:808,4201819
DA:813,4201819
DA:814,4201819
DA:815,4201819
BRDA:815,69,0,211361
BRDA:815,69,1,3786333
DA:816,211361
DA:817,3990458
BRDA:817,70,0,204125
BRDA:817,70,1,3786333
DA:818,204125
DA:821,3786333
DA:825,4201819
DA:826,4201819
DA:827,4109808
BRDA:827,71,0,4109808
DA:829,4109808
DA:834,4201819
DA:837,4201819
DA:843,4201819
DA:844,4201819
DA:845,4201819
DA:846,4201819
DA:847,4201819
DA:848,4201819
BRDA:848,72,0,0
DA:849,0
DA:851,0
DA:853,0
BRDA:853,73,0,-
DA:854,0
DA:856,0
DA:857,0
DA:858,0
DA:859,0
DA:862,0
DA:866,4201819
DA:871,4201819
DA:874,4201819
DA:885,4201819
DA:895,7504692
FN:895,BurnieCoinflip.creditFlip
FNDA:7504692,BurnieCoinflip.creditFlip
DA:899,7504692
BRDA:899,74,0,0
DA:900,7504692
DA:906,183504
FN:906,BurnieCoinflip.creditFlipBatch
FNDA:183504,BurnieCoinflip.creditFlipBatch
DA:910,183504
DA:911,183504
DA:912,1835040
DA:913,1835040
DA:914,1835040
BRDA:914,75,0,1835040
DA:915,1835040
DA:918,1835040
DA:928,45283
FN:928,BurnieCoinflip.previewClaimCoinflips
FNDA:45283,BurnieCoinflip.previewClaimCoinflips
DA:929,45283
DA:930,45283
DA:931,45283
DA:935,0
FN:935,BurnieCoinflip.coinflipAmount
FNDA:0,BurnieCoinflip.coinflipAmount
DA:936,0
DA:937,0
DA:941,0
FN:941,BurnieCoinflip.coinflipAutoRebuyInfo
FNDA:0,BurnieCoinflip.coinflipAutoRebuyInfo
DA:951,0
DA:952,0
DA:953,0
DA:954,0
DA:955,0
DA:959,1006
FN:959,BurnieCoinflip.coinflipTopLastDay
FNDA:1006,BurnieCoinflip.coinflipTopLastDay
DA:964,1006
DA:965,1006
BRDA:965,76,0,0
DA:966,1006
DA:967,1006
DA:971,45283
FN:971,BurnieCoinflip._viewClaimableCoin
FNDA:45283,BurnieCoinflip._viewClaimableCoin
DA:975,45283
DA:976,45283
DA:977,45283
BRDA:977,77,0,9779
DA:979,35504
DA:980,35504
DA:982,35504
DA:986,35504
BRDA:986,78,0,32763
DA:987,32763
DA:990,35504
DA:991,35504
DA:993,35504
DA:995,2524339
DA:996,2488835
DA:999,2488835
BRDA:999,79,0,2139505
DA:1000,2139505
DA:1001,2139505
DA:1004,171595
BRDA:1004,80,0,171595
DA:1005,171595
DA:1006,171595
BRDA:1006,81,0,4254
DA:1008,4254
DA:1009,4254
DA:1011,4254
DA:1015,349330
DA:1016,349330
DA:1029,0
FN:1029,BurnieCoinflip._coinflipLockedDuringTransition
FNDA:0,BurnieCoinflip._coinflipLockedDuringTransition
DA:1034,0
DA:1040,0
DA:1041,0
DA:1047,0
FN:1047,BurnieCoinflip._recyclingBonus
FNDA:0,BurnieCoinflip._recyclingBonus
DA:1050,0
BRDA:1050,82,0,-
DA:1051,0
DA:1052,0
DA:1053,0
BRDA:1053,83,0,-
DA:1058,64808
FN:1058,BurnieCoinflip._afKingRecyclingBonus
FNDA:64808,BurnieCoinflip._afKingRecyclingBonus
DA:1062,64808
BRDA:1062,84,0,0
DA:1063,64808
DA:1064,64808
BRDA:1064,85,0,64808
DA:1065,64808
DA:1066,64808
DA:1068,0
DA:1069,0
DA:1074,4201819
FN:1074,BurnieCoinflip._afKingDeityBonusHalfBpsWithLevel
FNDA:4201819,BurnieCoinflip._afKingDeityBonusHalfBpsWithLevel
DA:1078,4201819
DA:1079,4201819
BRDA:1079,86,0,4201819
DA:1080,0
BRDA:1080,87,0,-
DA:1082,0
DA:1083,0
DA:1084,0
BRDA:1084,88,0,-
DA:1085,0
DA:1087,0
DA:1091,9339732
FN:1091,BurnieCoinflip._targetFlipDay
FNDA:9339732,BurnieCoinflip._targetFlipDay
DA:1092,9339732
DA:1096,0
FN:1096,BurnieCoinflip._questApplyReward
FNDA:0,BurnieCoinflip._questApplyReward
DA:1103,0
BRDA:1103,89,0,-
DA:1104,0
DA:1110,0
DA:1114,9339732
FN:1114,BurnieCoinflip._score96
FNDA:9339732,BurnieCoinflip._score96
DA:1115,9339732
DA:1116,9339732
BRDA:1116,90,0,0
DA:1117,0
DA:1119,9339732
DA:1123,9339732
FN:1123,BurnieCoinflip._updateTopDayBettor
FNDA:9339732,BurnieCoinflip._updateTopDayBettor
DA:1128,9339732
DA:1129,9339732
DA:1130,9339732
BRDA:1130,91,0,5431154
DA:1131,5431154
DA:1132,5431154
DA:1137,2178
FN:1137,BurnieCoinflip._bafBracketLevel
FNDA:2178,BurnieCoinflip._bafBracketLevel
DA:1138,2178
DA:1139,2178
BRDA:1139,92,0,0
DA:1140,2178
DA:1144,2178
FN:1144,BurnieCoinflip._resolvePlayer
FNDA:2178,BurnieCoinflip._resolvePlayer
DA:1145,2178
BRDA:1145,93,0,0
DA:1146,2178
BRDA:1146,94,0,0
DA:1147,0
BRDA:1147,95,0,-
DA:1148,0
DA:1151,2178
DA:1155,0
FN:1155,BurnieCoinflip._requireApproved
FNDA:0,BurnieCoinflip._requireApproved
DA:1156,0
BRDA:1156,96,0,-
DA:1157,0
FNF:37
FNH:26
LF:426
LH:257
BRF:112
BRH:44
end_of_record
TN:
SF:contracts/DegenerusAdmin.sol
DA:436,0
FN:436,DegenerusAdmin.onlyOwner
FNDA:0,DegenerusAdmin.onlyOwner
DA:437,0
BRDA:437,0,0,-
DA:445,217
FN:445,DegenerusAdmin.constructor
FNDA:217,DegenerusAdmin.constructor
DA:446,217
DA:448,217
DA:449,217
DA:450,217
DA:452,217
DA:453,217
DA:455,217
DA:456,217
DA:458,217
DA:479,0
FN:479,DegenerusAdmin.proposeFeedSwap
FNDA:0,DegenerusAdmin.proposeFeedSwap
DA:482,0
BRDA:482,1,0,-
DA:485,0
DA:486,0
BRDA:486,2,0,-
DA:490,0
DA:491,0
DA:492,0
BRDA:492,3,0,-
DA:493,0
DA:497,0
DA:498,0
BRDA:498,4,0,-
DA:499,0
DA:500,0
DA:501,0
BRDA:501,5,0,-
DA:502,0
DA:506,0
DA:507,0
BRDA:507,6,0,-
BRDA:507,6,1,-
DA:508,0
BRDA:508,7,0,-
DA:509,0
DA:511,0
BRDA:511,8,0,-
DA:512,0
DA:513,0
DA:514,0
BRDA:514,9,0,-
DA:515,0
DA:518,0
DA:519,0
DA:520,0
DA:521,0
DA:522,0
DA:524,0
DA:526,0
DA:528,0
DA:530,0
DA:541,0
FN:541,DegenerusAdmin.voteFeedSwap
FNDA:0,DegenerusAdmin.voteFeedSwap
DA:543,0
BRDA:543,10,0,-
DA:545,0
DA:546,0
DA:549,0
DA:550,0
BRDA:550,11,0,-
DA:551,0
DA:557,0
DA:558,0
DA:559,0
DA:562,0
DA:565,0
BRDA:565,12,0,-
BRDA:565,12,1,-
DA:566,0
DA:567,0
BRDA:567,13,0,-
DA:568,0
DA:569,0
DA:579,0
FN:579,DegenerusAdmin.feedThreshold
FNDA:0,DegenerusAdmin.feedThreshold
DA:580,0
DA:581,0
BRDA:581,14,0,-
DA:582,0
BRDA:582,15,0,-
DA:583,0
BRDA:583,16,0,-
DA:584,0
BRDA:584,17,0,-
DA:585,0
DA:591,0
FN:591,DegenerusAdmin.canExecuteFeedSwap
FNDA:0,DegenerusAdmin.canExecuteFeedSwap
DA:592,0
DA:593,0
BRDA:593,18,0,-
DA:594,0
BRDA:594,19,0,-
DA:596,0
DA:602,0
FN:602,DegenerusAdmin._executeFeedSwap
FNDA:0,DegenerusAdmin._executeFeedSwap
DA:603,0
DA:604,0
DA:607,0
DA:608,0
DA:609,0
DA:610,0
BRDA:610,20,0,-
DA:611,0
BRDA:611,21,0,-
DA:612,0
DA:613,0
DA:616,0
DA:618,0
DA:619,0
DA:621,0
DA:622,0
DA:631,0
FN:631,DegenerusAdmin.swapGameEthForStEth
FNDA:0,DegenerusAdmin.swapGameEthForStEth
DA:632,0
BRDA:632,22,0,-
DA:633,0
DA:647,0
FN:647,DegenerusAdmin.propose
FNDA:0,DegenerusAdmin.propose
DA:651,0
BRDA:651,23,0,-
DA:652,0
BRDA:652,24,0,-
DA:653,0
DA:654,0
BRDA:654,25,0,-
DA:657,0
DA:658,0
BRDA:658,26,0,-
DA:659,0
DA:660,0
DA:661,0
BRDA:661,27,0,-
DA:662,0
DA:666,0
DA:667,0
DA:669,0
DA:670,0
BRDA:670,28,0,-
BRDA:670,28,1,-
DA:671,0
BRDA:671,29,0,-
DA:672,0
DA:674,0
BRDA:674,30,0,-
DA:675,0
DA:676,0
DA:677,0
BRDA:677,31,0,-
DA:678,0
DA:681,0
DA:682,0
DA:683,0
DA:684,0
DA:685,0
DA:687,0
DA:688,0
DA:689,0
DA:691,0
DA:693,0
DA:703,0
FN:703,DegenerusAdmin.vote
FNDA:0,DegenerusAdmin.vote
DA:705,0
DA:706,0
DA:707,0
BRDA:707,32,0,-
DA:709,0
DA:710,0
DA:714,0
DA:715,0
BRDA:715,33,0,-
DA:716,0
DA:722,0
DA:723,0
DA:724,0
DA:727,0
DA:730,0
BRDA:730,34,0,-
BRDA:730,34,1,-
DA:731,0
DA:732,0
BRDA:732,35,0,-
DA:733,0
DA:734,0
DA:742,0
FN:742,DegenerusAdmin.threshold
FNDA:0,DegenerusAdmin.threshold
DA:743,0
DA:744,0
BRDA:744,36,0,-
DA:745,0
BRDA:745,37,0,-
DA:746,0
BRDA:746,38,0,-
DA:747,0
BRDA:747,39,0,-
DA:748,0
BRDA:748,40,0,-
DA:749,0
BRDA:749,41,0,-
DA:750,0
DA:756,0
FN:756,DegenerusAdmin.canExecute
FNDA:0,DegenerusAdmin.canExecute
DA:757,0
DA:758,0
BRDA:758,42,0,-
DA:761,0
DA:762,0
BRDA:762,43,0,-
DA:764,0
DA:777,0
FN:777,DegenerusAdmin._applyVote
FNDA:0,DegenerusAdmin._applyVote
DA:786,0
BRDA:786,44,0,-
BRDA:786,44,1,-
DA:787,0
DA:788,0
BRDA:788,45,0,-
DA:789,0
DA:792,0
BRDA:792,46,0,-
BRDA:792,46,1,-
DA:793,0
DA:795,0
DA:797,0
DA:801,0
FN:801,DegenerusAdmin._voterWeight
FNDA:0,DegenerusAdmin._voterWeight
DA:802,0
DA:803,0
BRDA:803,47,0,-
DA:804,0
DA:805,0
DA:810,0
FN:810,DegenerusAdmin._requireActiveProposal
FNDA:0,DegenerusAdmin._requireActiveProposal
DA:815,0
DA:816,0
BRDA:816,48,0,-
DA:817,0
DA:818,0
BRDA:818,49,0,-
DA:822,0
FN:822,DegenerusAdmin._isActiveProposal
FNDA:0,DegenerusAdmin._isActiveProposal
DA:827,0
BRDA:827,50,0,-
DA:828,0
BRDA:828,51,0,-
DA:829,0
DA:834,0
FN:834,DegenerusAdmin._resolveThreshold
FNDA:0,DegenerusAdmin._resolveThreshold
DA:841,0
DA:842,0
DA:843,0
BRDA:843,52,0,-
DA:845,0
DA:846,0
DA:847,0
BRDA:847,53,0,-
DA:848,0
DA:859,0
FN:859,DegenerusAdmin._executeSwap
FNDA:0,DegenerusAdmin._executeSwap
DA:860,0
DA:861,0
DA:864,0
DA:866,0
DA:867,0
DA:869,0
DA:870,0
DA:873,0
BRDA:873,54,0,-
DA:874,0
BRDA:874,55,0,-
DA:875,0
DA:880,0
DA:885,0
DA:886,0
DA:888,0
DA:889,0
DA:890,0
DA:891,0
DA:894,0
DA:898,0
DA:901,0
DA:908,0
DA:909,0
BRDA:909,56,0,-
DA:910,0
BRDA:910,57,0,-
DA:911,0
DA:919,0
DA:924,0
FN:924,DegenerusAdmin._voidAllActive
FNDA:0,DegenerusAdmin._voidAllActive
DA:925,0
DA:926,0
DA:927,0
DA:928,0
BRDA:928,58,0,-
DA:929,0
BRDA:929,59,0,-
DA:930,0
DA:931,0
DA:935,0
DA:944,1
FN:944,DegenerusAdmin.shutdownVrf
FNDA:1,DegenerusAdmin.shutdownVrf
DA:945,1
BRDA:945,60,0,0
DA:946,1
DA:947,1
BRDA:947,61,0,0
DA:949,1
DA:950,1
DA:952,1
BRDA:952,62,0,1
DA:953,1
DA:956,1
DA:957,1
BRDA:957,63,0,0
DA:958,0
BRDA:958,64,0,-
DA:959,0
BRDA:959,65,0,-
DA:960,0
DA:961,0
DA:966,1
DA:977,0
FN:977,DegenerusAdmin.onTokenTransfer
FNDA:0,DegenerusAdmin.onTokenTransfer
DA:982,0
BRDA:982,66,0,-
DA:983,0
BRDA:983,67,0,-
DA:985,0
DA:986,0
BRDA:986,68,0,-
DA:987,0
BRDA:987,69,0,-
DA:989,0
DA:991,0
DA:994,0
DA:996,0
BRDA:996,70,0,-
DA:997,0
DA:999,0
BRDA:999,71,0,-
DA:1000,0
BRDA:1000,70,1,-
DA:1001,0
DA:1003,0
BRDA:1003,72,0,-
DA:1005,0
DA:1006,0
BRDA:1006,73,0,-
DA:1007,0
DA:1008,0
BRDA:1008,73,1,-
DA:1009,0
DA:1011,0
BRDA:1011,74,0,-
DA:1013,0
DA:1014,0
BRDA:1014,75,0,-
DA:1015,0
DA:1016,0
DA:1017,0
BRDA:1017,76,0,-
DA:1019,0
DA:1020,0
DA:1028,0
FN:1028,DegenerusAdmin.linkAmountToEth
FNDA:0,DegenerusAdmin.linkAmountToEth
DA:1031,0
DA:1032,0
BRDA:1032,77,0,-
DA:1034,0
DA:1040,0
DA:1041,0
DA:1042,0
BRDA:1042,78,0,-
DA:1043,0
BRDA:1043,79,0,-
DA:1045,0
BRDA:1045,80,0,-
DA:1048,0
DA:1052,0
FN:1052,DegenerusAdmin._linkRewardMultiplier
FNDA:0,DegenerusAdmin._linkRewardMultiplier
DA:1055,0
BRDA:1055,81,0,-
DA:1056,0
BRDA:1056,82,0,-
DA:1057,0
DA:1059,0
DA:1062,0
DA:1063,0
DA:1064,0
BRDA:1064,83,0,-
DA:1066,0
DA:1073,0
FN:1073,DegenerusAdmin._feedStallDuration
FNDA:0,DegenerusAdmin._feedStallDuration
DA:1074,0
BRDA:1074,84,0,-
DA:1075,0
BRDA:1075,85,0,-
DA:1082,0
DA:1083,0
BRDA:1083,86,0,-
DA:1084,0
BRDA:1084,87,0,-
DA:1085,0
DA:1086,0
BRDA:1086,88,0,-
DA:1087,0
DA:1088,0
BRDA:1088,85,1,-
DA:1089,0
DA:1094,0
FN:1094,DegenerusAdmin._feedHealthy
FNDA:0,DegenerusAdmin._feedHealthy
DA:1095,0
BRDA:1095,89,0,-
DA:1096,0
BRDA:1096,90,0,-
DA:1103,0
DA:1104,0
BRDA:1104,91,0,-
DA:1105,0
BRDA:1105,92,0,-
DA:1107,0
DA:1108,0
BRDA:1108,93,0,-
DA:1110,0
BRDA:1110,94,0,-
DA:1111,0
BRDA:1111,95,0,-
DA:1112,0
BRDA:1112,94,1,-
DA:1113,0
DA:1115,0
DA:1116,0
BRDA:1116,90,1,-
DA:1117,0
FNF:25
FNH:2
LF:309
LH:21
BRF:107
BRH:1
end_of_record
TN:
SF:contracts/DegenerusAffiliate.sol
DA:230,217
FN:230,DegenerusAffiliate.constructor
FNDA:217,DegenerusAffiliate.constructor
DA:238,217
DA:239,217
DA:240,217
DA:241,0
BRDA:241,0,0,-
DA:243,217
DA:247,217
DA:251,217
DA:252,217
DA:254,217
DA:255,217
DA:256,217
DA:257,217
DA:259,217
DA:260,217
DA:261,0
DA:267,0
DA:271,217
DA:272,217
DA:273,0
DA:278,0
DA:303,42
FN:303,DegenerusAffiliate.createAffiliateCode
FNDA:42,DegenerusAffiliate.createAffiliateCode
DA:304,42
DA:321,0
FN:321,DegenerusAffiliate.referPlayer
FNDA:0,DegenerusAffiliate.referPlayer
DA:322,0
DA:324,0
BRDA:324,1,0,-
DA:325,0
DA:327,0
BRDA:327,2,0,-
DA:328,0
DA:329,0
DA:338,158406
FN:338,DegenerusAffiliate.getReferrer
FNDA:158406,DegenerusAffiliate.getReferrer
DA:339,158406
DA:344,0
FN:344,DegenerusAffiliate.defaultCode
FNDA:0,DegenerusAffiliate.defaultCode
DA:345,0
DA:388,522730
FN:388,DegenerusAffiliate.payAffiliate
FNDA:522730,DegenerusAffiliate.payAffiliate
DA:401,522730
DA:402,522730
DA:403,0
BRDA:403,3,0,-
DA:408,522730
DA:409,522730
DA:410,522730
DA:411,522730
DA:412,522730
DA:417,522730
BRDA:417,4,0,109716
BRDA:417,4,1,0
DA:419,109716
BRDA:419,5,0,109211
BRDA:419,5,1,0
DA:421,109211
DA:422,109211
DA:423,109211
DA:424,109211
DA:427,505
DA:428,505
BRDA:428,6,0,0
BRDA:428,6,1,0
DA:430,0
DA:431,0
DA:432,0
DA:433,0
DA:436,505
DA:437,505
DA:438,505
BRDA:438,7,0,505
BRDA:438,7,1,0
DA:439,505
DA:442,0
DA:444,0
DA:447,109716
DA:449,413014
BRDA:449,8,0,0
DA:450,0
DA:451,0
BRDA:451,9,0,-
DA:452,0
DA:453,0
DA:454,0
BRDA:454,10,0,-
BRDA:454,10,1,-
DA:455,0
DA:457,0
DA:459,0
DA:460,0
DA:463,413014
BRDA:463,11,0,413014
DA:464,413014
BRDA:464,12,0,412509
BRDA:464,12,1,0
DA:465,412509
DA:466,412509
DA:467,412509
DA:470,505
DA:471,505
BRDA:471,13,0,505
BRDA:471,13,1,0
DA:472,505
DA:474,0
DA:483,522730
DA:484,522730
DA:489,522730
DA:495,522730
DA:496,522730
BRDA:496,14,0,522730
BRDA:496,14,1,78359
DA:498,522730
DA:503,0
DA:505,444371
DA:506,522730
BRDA:506,15,0,0
DA:507,0
DA:508,0
DA:517,522730
DA:518,522730
BRDA:518,16,0,402745
DA:520,402745
DA:521,402745
DA:523,119985
DA:524,119985
BRDA:524,17,0,119985
DA:525,119985
DA:527,119985
DA:531,119985
BRDA:531,18,0,4
DA:532,4
DA:536,119985
DA:537,119985
DA:538,119985
DA:539,119985
DA:548,119985
DA:551,119985
DA:552,119985
DA:553,119985
BRDA:553,19,0,119985
BRDA:553,19,1,0
DA:554,119985
DA:556,0
DA:557,0
DA:560,119985
DA:565,119985
BRDA:565,20,0,119985
DA:566,119480
BRDA:566,21,0,119480
BRDA:566,21,1,39
DA:568,119480
DA:578,119480
DA:581,119480
DA:585,505
DA:597,505
DA:598,505
BRDA:598,22,0,358
BRDA:598,22,1,39
DA:599,358
DA:601,147
DA:602,147
DA:606,505
BRDA:606,23,0,505
DA:607,505
DA:608,505
DA:613,119985
DA:614,0
DA:629,11202
FN:629,DegenerusAffiliate.affiliateTop
FNDA:11202,DegenerusAffiliate.affiliateTop
DA:630,11202
DA:631,11202
DA:641,23
FN:641,DegenerusAffiliate.affiliateScore
FNDA:23,DegenerusAffiliate.affiliateScore
DA:642,23
DA:652,11
FN:652,DegenerusAffiliate.totalAffiliateScore
FNDA:11,DegenerusAffiliate.totalAffiliateScore
DA:653,11
DA:666,583668
FN:666,DegenerusAffiliate.affiliateBonusPointsBest
FNDA:583668,DegenerusAffiliate.affiliateBonusPointsBest
DA:667,583668
BRDA:667,24,0,364140
DA:668,219528
DA:670,219528
DA:671,451256
BRDA:671,25,0,178625
DA:672,272631
DA:673,272631
DA:674,272631
DA:678,219528
BRDA:678,26,0,219528
DA:679,0
BRDA:679,27,0,-
BRDA:679,27,1,-
DA:680,0
DA:682,0
DA:684,0
DA:692,0
FN:692,DegenerusAffiliate._vaultReferralMutable
FNDA:0,DegenerusAffiliate._vaultReferralMutable
DA:693,0
BRDA:693,28,0,-
DA:694,0
DA:698,110150
FN:698,DegenerusAffiliate._setReferralCode
FNDA:110150,DegenerusAffiliate._setReferralCode
DA:699,110150
DA:700,110150
DA:701,110150
DA:702,110150
BRDA:702,29,0,109428
BRDA:702,29,1,722
DA:703,109428
DA:705,722
DA:707,109428
DA:712,54068
FN:712,DegenerusAffiliate._resolveCodeOwner
FNDA:54068,DegenerusAffiliate._resolveCodeOwner
DA:713,54068
DA:714,54068
BRDA:714,30,0,54068
DA:716,0
BRDA:716,31,0,-
DA:717,0
DA:719,0
DA:728,158592
FN:728,DegenerusAffiliate._referrerAddress
FNDA:158592,DegenerusAffiliate._referrerAddress
DA:729,158592
DA:730,158592
BRDA:730,32,0,105751
DA:731,52841
DA:732,52841
BRDA:732,33,0,0
DA:733,0
DA:737,42
FN:737,DegenerusAffiliate._createAffiliateCode
FNDA:42,DegenerusAffiliate._createAffiliateCode
DA:742,42
BRDA:742,34,0,0
DA:744,42
BRDA:744,35,0,0
DA:746,42
BRDA:746,36,0,0
DA:748,42
BRDA:748,37,0,0
DA:749,42
DA:751,42
BRDA:751,38,0,0
DA:752,42
DA:756,42
DA:760,0
FN:760,DegenerusAffiliate._bootstrapReferral
FNDA:0,DegenerusAffiliate._bootstrapReferral
DA:761,0
BRDA:761,39,0,-
DA:762,0
DA:763,0
DA:764,0
BRDA:764,40,0,-
DA:765,0
BRDA:765,41,0,-
DA:766,0
DA:767,0
DA:772,119985
FN:772,DegenerusAffiliate._routeAffiliateReward
FNDA:119985,DegenerusAffiliate._routeAffiliateReward
DA:776,119985
BRDA:776,42,0,0
DA:777,119985
DA:787,119985
FN:787,DegenerusAffiliate._score96
FNDA:119985,DegenerusAffiliate._score96
DA:789,119985
BRDA:789,43,0,0
DA:790,0
DA:792,119985
DA:803,119985
FN:803,DegenerusAffiliate._updateTopAffiliate
FNDA:119985,DegenerusAffiliate._updateTopAffiliate
DA:804,119985
DA:805,119985
DA:806,119985
BRDA:806,44,0,119797
DA:807,119797
DA:808,119797
DA:814,4
FN:814,DegenerusAffiliate._applyLootboxTaper
FNDA:4,DegenerusAffiliate._applyLootboxTaper
DA:815,4
BRDA:815,45,0,0
DA:816,0
DA:818,4
DA:819,4
DA:820,4
DA:821,4
FNF:20
FNH:16
LF:210
LH:152
BRF:59
BRH:26
end_of_record
TN:
SF:contracts/DegenerusDeityPass.sol
DA:80,0
FN:80,DegenerusDeityPass.onlyOwner
FNDA:0,DegenerusDeityPass.onlyOwner
DA:81,0
BRDA:81,0,0,-
DA:89,0
FN:89,DegenerusDeityPass.name
FNDA:0,DegenerusDeityPass.name
DA:90,0
FN:90,DegenerusDeityPass.symbol
FNDA:0,DegenerusDeityPass.symbol
DA:94,0
FN:94,DegenerusDeityPass.setRenderer
FNDA:0,DegenerusDeityPass.setRenderer
DA:95,0
DA:96,0
DA:97,0
DA:104,0
FN:104,DegenerusDeityPass.setRenderColors
FNDA:0,DegenerusDeityPass.setRenderColors
DA:109,0
BRDA:109,1,0,-
DA:110,0
DA:112,0
DA:113,0
DA:114,0
DA:115,0
DA:119,0
FN:119,DegenerusDeityPass.renderColors
FNDA:0,DegenerusDeityPass.renderColors
DA:120,0
DA:126,0
FN:126,DegenerusDeityPass.tokenURI
FNDA:0,DegenerusDeityPass.tokenURI
DA:127,0
BRDA:127,2,0,-
DA:129,0
DA:130,0
DA:131,0
DA:132,0
DA:133,0
DA:134,0
BRDA:134,3,0,-
DA:135,0
DA:137,0
DA:139,0
DA:145,0
BRDA:145,4,0,-
DA:146,0
DA:154,0
BRDA:154,5,0,-
DA:155,0
DA:159,0
DA:167,0
DA:173,0
FN:173,DegenerusDeityPass._renderSvgInternal
FNDA:0,DegenerusDeityPass._renderSvgInternal
DA:179,0
DA:180,0
DA:181,0
DA:183,0
DA:195,0
DA:214,0
FN:214,DegenerusDeityPass._tryRenderExternal
FNDA:0,DegenerusDeityPass._tryRenderExternal
DA:222,0
BRDA:222,6,0,-
DA:233,0
BRDA:233,7,0,-
DA:234,0
DA:235,0
BRDA:235,6,1,-
DA:236,0
DA:240,0
FN:240,DegenerusDeityPass._isHexColor
FNDA:0,DegenerusDeityPass._isHexColor
DA:241,0
DA:242,0
BRDA:242,8,0,-
DA:243,0
DA:244,0
DA:245,0
DA:246,0
DA:247,0
DA:248,0
BRDA:248,9,0,-
DA:250,0
DA:253,0
FN:253,DegenerusDeityPass._symbolFitScale
FNDA:0,DegenerusDeityPass._symbolFitScale
DA:254,0
BRDA:254,10,0,-
DA:255,0
BRDA:255,11,0,-
DA:256,0
BRDA:256,12,0,-
DA:257,0
BRDA:257,13,0,-
DA:258,0
DA:261,0
FN:261,DegenerusDeityPass._symbolTranslate
FNDA:0,DegenerusDeityPass._symbolTranslate
DA:266,0
DA:267,0
DA:268,0
DA:269,0
DA:270,0
DA:273,0
FN:273,DegenerusDeityPass._mat6
FNDA:0,DegenerusDeityPass._mat6
DA:278,0
DA:279,0
DA:294,0
FN:294,DegenerusDeityPass._dec6
FNDA:0,DegenerusDeityPass._dec6
DA:295,0
DA:296,0
DA:297,0
DA:300,0
FN:300,DegenerusDeityPass._dec6s
FNDA:0,DegenerusDeityPass._dec6s
DA:301,0
BRDA:301,14,0,-
DA:302,0
DA:304,0
DA:307,0
FN:307,DegenerusDeityPass._pad6
FNDA:0,DegenerusDeityPass._pad6
DA:308,0
DA:309,0
DA:310,0
DA:311,0
DA:313,0
DA:320,0
FN:320,DegenerusDeityPass.supportsInterface
FNDA:0,DegenerusDeityPass.supportsInterface
DA:321,0
DA:322,0
DA:323,0
DA:330,0
FN:330,DegenerusDeityPass.balanceOf
FNDA:0,DegenerusDeityPass.balanceOf
DA:331,0
BRDA:331,15,0,-
DA:332,0
DA:335,0
FN:335,DegenerusDeityPass.ownerOf
FNDA:0,DegenerusDeityPass.ownerOf
DA:336,0
DA:337,0
BRDA:337,16,0,-
DA:340,0
FN:340,DegenerusDeityPass.getApproved
FNDA:0,DegenerusDeityPass.getApproved
DA:341,0
BRDA:341,17,0,-
DA:342,0
DA:345,0
FN:345,DegenerusDeityPass.isApprovedForAll
FNDA:0,DegenerusDeityPass.isApprovedForAll
DA:346,0
DA:353,0
FN:353,DegenerusDeityPass.approve
FNDA:0,DegenerusDeityPass.approve
DA:354,0
DA:357,0
FN:357,DegenerusDeityPass.setApprovalForAll
FNDA:0,DegenerusDeityPass.setApprovalForAll
DA:358,0
DA:361,0
FN:361,DegenerusDeityPass.transferFrom
FNDA:0,DegenerusDeityPass.transferFrom
DA:362,0
DA:365,0
FN:365,DegenerusDeityPass.safeTransferFrom.0
FNDA:0,DegenerusDeityPass.safeTransferFrom.0
DA:366,0
DA:369,0
FN:369,DegenerusDeityPass.safeTransferFrom.1
FNDA:0,DegenerusDeityPass.safeTransferFrom.1
DA:370,0
DA:380,2176
FN:380,DegenerusDeityPass.mint
FNDA:2176,DegenerusDeityPass.mint
DA:381,2176
BRDA:381,18,0,0
DA:382,2176
BRDA:382,19,0,0
DA:383,2176
BRDA:383,20,0,0
DA:384,2176
BRDA:384,21,0,0
DA:386,2176
DA:387,2176
DA:388,2176
FNF:27
FNH:1
LF:118
LH:8
BRF:23
BRH:0
end_of_record
TN:
SF:contracts/DegenerusGame.sol
DA:216,217
FN:216,DegenerusGame.constructor
FNDA:217,DegenerusGame.constructor
DA:217,217
DA:218,217
DA:219,217
DA:220,217
DA:222,217
DA:223,217
DA:225,217
DA:226,21700
DA:227,21700
DA:229,21700
DA:284,1588012
FN:284,DegenerusGame.advanceGame
FNDA:1588012,DegenerusGame.advanceGame
DA:285,1588012
DA:292,1588012
BRDA:292,0,0,567732
DA:308,217
FN:308,DegenerusGame.wireVrf
FNDA:217,DegenerusGame.wireVrf
DA:313,217
DA:323,217
BRDA:323,1,0,0
DA:350,460703
FN:350,DegenerusGame.recordMint
FNDA:460703,DegenerusGame.recordMint
DA:357,460703
BRDA:357,2,0,0
DA:358,460703
DA:359,460703
DA:364,460703
BRDA:364,3,0,460703
DA:365,460703
DA:367,460703
DA:368,142074
BRDA:368,4,0,142074
BRDA:368,4,1,318629
DA:369,142074
DA:370,142074
DA:375,318629
DA:376,318629
DA:383,460703
DA:384,460703
DA:385,460703
BRDA:385,5,0,460703
BRDA:385,5,1,0
DA:386,460703
DA:387,0
BRDA:387,6,0,-
DA:388,0
DA:390,460703
DA:396,185105
FN:396,DegenerusGame.recordMintQuestStreak
FNDA:185105,DegenerusGame.recordMintQuestStreak
DA:397,185105
BRDA:397,7,0,0
DA:398,185105
DA:399,185105
DA:409,0
FN:409,DegenerusGame.payCoinflipBountyDgnrs
FNDA:0,DegenerusGame.payCoinflipBountyDgnrs
DA:415,0
DA:416,0
DA:417,0
BRDA:417,8,0,-
DA:418,0
BRDA:418,9,0,-
DA:419,0
BRDA:419,10,0,-
DA:420,0
BRDA:420,11,0,-
DA:421,0
DA:424,0
BRDA:424,12,0,-
DA:425,0
DA:426,0
BRDA:426,13,0,-
DA:427,0
DA:442,0
FN:442,DegenerusGame.setOperatorApproval
FNDA:0,DegenerusGame.setOperatorApproval
DA:443,0
BRDA:443,14,0,-
DA:444,0
DA:445,0
DA:452,0
FN:452,DegenerusGame.isOperatorApproved
FNDA:0,DegenerusGame.isOperatorApproved
DA:456,0
DA:459,0
FN:459,DegenerusGame._requireApproved
FNDA:0,DegenerusGame._requireApproved
DA:460,0
BRDA:460,15,0,-
DA:461,0
DA:465,857466
FN:465,DegenerusGame._resolvePlayer
FNDA:857466,DegenerusGame._resolvePlayer
DA:468,857466
BRDA:468,16,0,460
DA:469,857006
BRDA:469,17,0,0
DA:470,0
DA:478,9408421
FN:478,DegenerusGame.currentDayView
FNDA:9408421,DegenerusGame.currentDayView
DA:479,9408421
DA:486,0
FN:486,DegenerusGame.setLootboxRngThreshold
FNDA:0,DegenerusGame.setLootboxRngThreshold
DA:487,0
BRDA:487,18,0,-
DA:488,0
BRDA:488,19,0,-
DA:489,0
DA:490,0
BRDA:490,20,0,-
DA:491,0
DA:492,0
DA:494,0
DA:495,0
DA:508,533994
FN:508,DegenerusGame.purchase
FNDA:533994,DegenerusGame.purchase
DA:515,533994
DA:516,533994
DA:525,533994
FN:525,DegenerusGame._purchaseFor
FNDA:533994,DegenerusGame._purchaseFor
DA:532,533994
DA:544,533994
BRDA:544,21,0,90401
DA:553,0
FN:553,DegenerusGame.purchaseCoin
FNDA:0,DegenerusGame.purchaseCoin
DA:558,0
DA:559,0
DA:569,0
BRDA:569,22,0,-
DA:575,0
FN:575,DegenerusGame.purchaseBurnieLootbox
FNDA:0,DegenerusGame.purchaseBurnieLootbox
DA:579,0
DA:580,0
DA:589,0
BRDA:589,23,0,-
DA:606,133466
FN:606,DegenerusGame.purchaseWhaleBundle
FNDA:133466,DegenerusGame.purchaseWhaleBundle
DA:610,133466
DA:611,133466
DA:614,133466
FN:614,DegenerusGame._purchaseWhaleBundleFor
FNDA:133466,DegenerusGame._purchaseWhaleBundleFor
DA:615,133466
DA:624,133466
BRDA:624,24,0,85500
DA:631,40282
FN:631,DegenerusGame.purchaseLazyPass
FNDA:40282,DegenerusGame.purchaseLazyPass
DA:632,40282
DA:633,40282
DA:636,40282
FN:636,DegenerusGame._purchaseLazyPassFor
FNDA:40282,DegenerusGame._purchaseLazyPassFor
DA:637,40282
DA:645,40282
BRDA:645,25,0,37383
DA:651,39424
FN:651,DegenerusGame.purchaseDeityPass
FNDA:39424,DegenerusGame.purchaseDeityPass
DA:652,39424
DA:653,39424
DA:656,39424
FN:656,DegenerusGame._purchaseDeityPassFor
FNDA:39424,DegenerusGame._purchaseDeityPassFor
DA:657,39424
DA:666,39424
BRDA:666,26,0,37515
DA:672,1152
FN:672,DegenerusGame.openLootBox
FNDA:1152,DegenerusGame.openLootBox
DA:673,1152
DA:674,1152
DA:680,0
FN:680,DegenerusGame.openBurnieLootBox
FNDA:0,DegenerusGame.openBurnieLootBox
DA:681,0
DA:682,0
DA:685,1152
FN:685,DegenerusGame._openLootBoxFor
FNDA:1152,DegenerusGame._openLootBoxFor
DA:686,1152
DA:695,1152
BRDA:695,27,0,1152
DA:698,0
FN:698,DegenerusGame._openBurnieLootBoxFor
FNDA:0,DegenerusGame._openBurnieLootBoxFor
DA:702,0
DA:711,0
BRDA:711,28,0,-
DA:721,11287
FN:721,DegenerusGame.placeDegeneretteBet
FNDA:11287,DegenerusGame.placeDegeneretteBet
DA:729,11287
DA:744,11287
BRDA:744,29,0,0
DA:750,4592
FN:750,DegenerusGame.resolveDegeneretteBets
FNDA:4592,DegenerusGame.resolveDegeneretteBets
DA:754,4592
DA:763,4592
BRDA:763,30,0,3809
DA:771,0
FN:771,DegenerusGame.consumeCoinflipBoon
FNDA:0,DegenerusGame.consumeCoinflipBoon
DA:775,0
DA:776,0
DA:777,0
BRDA:777,31,0,-
DA:778,0
DA:786,0
BRDA:786,32,0,-
DA:787,0
DA:795,0
FN:795,DegenerusGame.consumeDecimatorBoon
FNDA:0,DegenerusGame.consumeDecimatorBoon
DA:798,0
BRDA:798,33,0,-
DA:799,0
DA:807,0
BRDA:807,34,0,-
DA:808,0
DA:816,460703
FN:816,DegenerusGame.consumePurchaseBoost
FNDA:460703,DegenerusGame.consumePurchaseBoost
DA:819,460703
BRDA:819,35,0,0
DA:820,460703
DA:828,460703
BRDA:828,36,0,0
DA:829,460703
DA:839,0
FN:839,DegenerusGame.deityBoonData
FNDA:0,DegenerusGame.deityBoonData
DA:852,0
DA:853,0
DA:854,0
DA:855,0
DA:856,0
DA:857,0
BRDA:857,37,0,-
DA:858,0
DA:859,0
BRDA:859,38,0,-
DA:860,0
DA:868,0
FN:868,DegenerusGame.issueDeityBoon
FNDA:0,DegenerusGame.issueDeityBoon
DA:873,0
DA:874,0
BRDA:874,39,0,-
DA:875,0
DA:885,0
BRDA:885,40,0,-
DA:903,460703
FN:903,DegenerusGame._processMintPayment
FNDA:460703,DegenerusGame._processMintPayment
DA:908,460703
DA:909,460703
BRDA:909,41,0,460703
BRDA:909,41,1,0
DA:911,460703
BRDA:911,42,0,0
DA:912,460703
DA:914,0
BRDA:914,43,0,-
BRDA:914,43,1,-
DA:916,0
BRDA:916,44,0,-
DA:917,0
DA:919,0
BRDA:919,45,0,-
DA:921,0
DA:923,0
DA:924,0
DA:925,0
DA:926,0
BRDA:926,46,0,-
BRDA:926,46,1,-
DA:928,0
BRDA:928,47,0,-
DA:929,0
DA:930,0
BRDA:930,48,0,-
DA:931,0
DA:932,0
BRDA:932,49,0,-
DA:933,0
DA:934,0
DA:937,0
BRDA:937,50,0,-
DA:939,0
DA:941,0
DA:942,0
DA:946,0
BRDA:946,51,0,-
DA:947,0
DA:949,0
DA:952,460703
BRDA:952,52,0,0
DA:953,0
DA:954,0
DA:994,843239
FN:994,DegenerusGame._revertDelegate
FNDA:843239,DegenerusGame._revertDelegate
DA:995,843239
BRDA:995,53,0,0
DA:997,0
DA:1006,460703
FN:1006,DegenerusGame._recordMintDataModule
FNDA:460703,DegenerusGame._recordMintDataModule
DA:1011,460703
DA:1021,460703
BRDA:1021,54,0,0
DA:1036,0
FN:1036,DegenerusGame.recordDecBurn
FNDA:0,DegenerusGame.recordDecBurn
DA:1043,0
DA:1055,0
BRDA:1055,55,0,-
DA:1056,0
BRDA:1056,56,0,-
DA:1057,0
DA:1066,1025
FN:1066,DegenerusGame.runDecimatorJackpot
FNDA:1025,DegenerusGame.runDecimatorJackpot
DA:1071,1025
BRDA:1071,57,0,0
DA:1072,1025
DA:1082,1025
BRDA:1082,58,0,0
DA:1083,1025
BRDA:1083,59,0,0
DA:1084,1025
DA:1093,1006
FN:1093,DegenerusGame.runBafJackpot
FNDA:1006,DegenerusGame.runBafJackpot
DA:1098,1006
BRDA:1098,60,0,0
DA:1099,1006
DA:1109,1006
BRDA:1109,61,0,0
DA:1110,1006
BRDA:1110,62,0,0
DA:1111,1006
DA:1123,0
FN:1123,DegenerusGame.recordTerminalDecBurn
FNDA:0,DegenerusGame.recordTerminalDecBurn
DA:1128,0
DA:1140,0
BRDA:1140,63,0,-
DA:1149,0
FN:1149,DegenerusGame.runTerminalDecimatorJackpot
FNDA:0,DegenerusGame.runTerminalDecimatorJackpot
DA:1154,0
BRDA:1154,64,0,-
DA:1155,0
DA:1167,0
BRDA:1167,65,0,-
DA:1168,0
BRDA:1168,66,0,-
DA:1169,0
DA:1175,0
FN:1175,DegenerusGame.terminalDecWindow
FNDA:0,DegenerusGame.terminalDecWindow
DA:1176,0
DA:1177,0
DA:1187,0
FN:1187,DegenerusGame.runTerminalJackpot
FNDA:0,DegenerusGame.runTerminalJackpot
DA:1192,0
BRDA:1192,67,0,-
DA:1193,0
DA:1203,0
BRDA:1203,68,0,-
DA:1204,0
BRDA:1204,69,0,-
DA:1205,0
DA:1214,49798
FN:1214,DegenerusGame.emitDailyWinningTraits
FNDA:49798,DegenerusGame.emitDailyWinningTraits
DA:1219,49798
BRDA:1219,70,0,0
DA:1220,49798
DA:1230,49798
BRDA:1230,71,0,0
DA:1238,0
FN:1238,DegenerusGame.consumeDecClaim
FNDA:0,DegenerusGame.consumeDecClaim
DA:1242,0
BRDA:1242,72,0,-
DA:1243,0
DA:1252,0
BRDA:1252,73,0,-
DA:1253,0
BRDA:1253,74,0,-
DA:1254,0
DA:1259,0
FN:1259,DegenerusGame.claimDecimatorJackpot
FNDA:0,DegenerusGame.claimDecimatorJackpot
DA:1260,0
DA:1270,0
BRDA:1270,75,0,-
DA:1278,0
FN:1278,DegenerusGame.decClaimable
FNDA:0,DegenerusGame.decClaimable
DA:1282,0
DA:1283,0
BRDA:1283,76,0,-
DA:1284,0
DA:1287,0
DA:1288,0
BRDA:1288,77,0,-
DA:1290,0
DA:1291,0
BRDA:1291,78,0,-
DA:1293,0
DA:1294,0
DA:1295,0
DA:1296,0
BRDA:1296,79,0,-
DA:1298,0
DA:1299,0
DA:1300,0
BRDA:1300,80,0,-
DA:1302,0
DA:1303,0
DA:1310,0
FN:1310,DegenerusGame._unpackDecWinningSubbucket
FNDA:0,DegenerusGame._unpackDecWinningSubbucket
DA:1314,0
BRDA:1314,81,0,-
DA:1315,0
DA:1316,0
DA:1379,92816
FN:1379,DegenerusGame.claimWinnings
FNDA:92816,DegenerusGame.claimWinnings
DA:1380,92816
DA:1381,92816
DA:1386,0
FN:1386,DegenerusGame.claimWinningsStethFirst
FNDA:0,DegenerusGame.claimWinningsStethFirst
DA:1387,0
BRDA:1387,82,0,-
DA:1388,0
DA:1391,92816
FN:1391,DegenerusGame._claimWinningsInternal
FNDA:92816,DegenerusGame._claimWinningsInternal
DA:1392,92816
BRDA:1392,83,0,0
DA:1393,92816
DA:1394,92816
BRDA:1394,84,0,92815
DA:1395,1
DA:1397,1
DA:1398,1
DA:1400,1
DA:1401,1
DA:1402,0
BRDA:1402,85,0,-
BRDA:1402,85,1,1
DA:1403,0
DA:1405,1
DA:1418,12
FN:1418,DegenerusGame.claimAffiliateDgnrs
FNDA:12,DegenerusGame.claimAffiliateDgnrs
DA:1419,12
DA:1421,12
DA:1422,12
BRDA:1422,86,0,1
DA:1424,0
BRDA:1424,87,0,-
DA:1426,11
DA:1427,11
DA:1428,11
BRDA:1428,88,0,2
DA:1430,9
DA:1431,9
BRDA:1431,89,0,0
DA:1433,9
DA:1434,9
BRDA:1434,90,0,9
DA:1435,0
DA:1436,0
BRDA:1436,91,0,-
DA:1438,0
DA:1443,0
BRDA:1443,92,0,-
DA:1445,0
DA:1447,0
BRDA:1447,93,0,-
DA:1448,0
DA:1449,0
DA:1450,0
DA:1451,0
BRDA:1451,94,0,-
DA:1452,0
DA:1454,0
BRDA:1454,95,0,-
DA:1455,0
DA:1459,0
DA:1460,0
DA:1487,7
FN:1487,DegenerusGame.setAutoRebuy
FNDA:7,DegenerusGame.setAutoRebuy
DA:1488,7
DA:1489,7
DA:1496,0
FN:1496,DegenerusGame.setAutoRebuyTakeProfit
FNDA:0,DegenerusGame.setAutoRebuyTakeProfit
DA:1500,0
DA:1501,0
DA:1504,7
FN:1504,DegenerusGame._setAutoRebuy
FNDA:7,DegenerusGame._setAutoRebuy
DA:1505,0
BRDA:1505,96,0,-
DA:1506,7
DA:1507,7
BRDA:1507,97,0,1
DA:1508,1
DA:1510,7
DA:1511,7
BRDA:1511,98,0,0
DA:1512,0
DA:1516,0
FN:1516,DegenerusGame._setAutoRebuyTakeProfit
FNDA:0,DegenerusGame._setAutoRebuyTakeProfit
DA:1520,0
BRDA:1520,99,0,-
DA:1521,0
DA:1522,0
DA:1523,0
BRDA:1523,100,0,-
DA:1524,0
DA:1526,0
DA:1527,0
BRDA:1527,101,0,-
DA:1528,0
DA:1535,0
FN:1535,DegenerusGame.autoRebuyTakeProfitFor
FNDA:0,DegenerusGame.autoRebuyTakeProfitFor
DA:1538,0
DA:1551,217
FN:1551,DegenerusGame.setAfKingMode
FNDA:217,DegenerusGame.setAfKingMode
DA:1557,217
DA:1558,217
DA:1561,217
FN:1561,DegenerusGame._setAfKingMode
FNDA:217,DegenerusGame._setAfKingMode
DA:1567,0
BRDA:1567,102,0,-
DA:1568,217
BRDA:1568,103,0,0
DA:1569,0
DA:1570,0
DA:1572,217
BRDA:1572,104,0,0
DA:1574,217
DA:1575,217
DA:1576,217
BRDA:1576,105,0,0
DA:1577,0
DA:1579,217
DA:1580,217
BRDA:1580,106,0,0
DA:1581,0
DA:1584,217
BRDA:1584,107,0,217
DA:1585,217
DA:1586,217
DA:1588,217
BRDA:1588,108,0,217
DA:1589,217
DA:1590,217
DA:1592,217
DA:1594,217
BRDA:1594,109,0,217
DA:1595,217
DA:1596,217
DA:1597,217
DA:1598,217
DA:1602,4202036
FN:1602,DegenerusGame._hasAnyLazyPass
FNDA:4202036,DegenerusGame._hasAnyLazyPass
DA:1603,4202036
DA:1604,4202036
BRDA:1604,110,0,4202036
DA:1606,0
DA:1610,0
DA:1616,0
FN:1616,DegenerusGame.afKingModeFor
FNDA:0,DegenerusGame.afKingModeFor
DA:1617,0
DA:1623,4201819
FN:1623,DegenerusGame.afKingActivatedLevelFor
FNDA:4201819,DegenerusGame.afKingActivatedLevelFor
DA:1626,4201819
DA:1633,0
FN:1633,DegenerusGame.deactivateAfKingFromCoin
FNDA:0,DegenerusGame.deactivateAfKingFromCoin
DA:1635,0
DA:1636,0
DA:1637,0
BRDA:1637,111,0,-
DA:1638,0
DA:1646,4205673
FN:1646,DegenerusGame.syncAfKingLazyPassFromCoin
FNDA:4205673,DegenerusGame.syncAfKingLazyPassFromCoin
DA:1649,4205673
BRDA:1649,112,0,0
DA:1650,4205673
DA:1651,4205673
BRDA:1651,113,0,3854
DA:1652,4201819
BRDA:1652,114,0,4201819
DA:1656,0
DA:1657,0
DA:1658,0
DA:1659,0
DA:1662,0
FN:1662,DegenerusGame._deactivateAfKing
FNDA:0,DegenerusGame._deactivateAfKing
DA:1663,0
DA:1664,0
BRDA:1664,115,0,-
DA:1665,0
DA:1666,0
BRDA:1666,116,0,-
DA:1667,0
DA:1668,0
BRDA:1668,117,0,-
DA:1670,0
DA:1671,0
DA:1672,0
DA:1673,0
DA:1684,217
FN:1684,DegenerusGame.claimWhalePass
FNDA:217,DegenerusGame.claimWhalePass
DA:1685,217
DA:1686,217
DA:1689,217
FN:1689,DegenerusGame._claimWhalePassFor
FNDA:217,DegenerusGame._claimWhalePassFor
DA:1690,217
DA:1698,217
BRDA:1698,118,0,0
DA:1713,1
FN:1713,DegenerusGame.resolveRedemptionLootbox
FNDA:1,DegenerusGame.resolveRedemptionLootbox
DA:1719,1
BRDA:1719,119,0,0
DA:1720,1
BRDA:1720,120,0,0
DA:1727,1
DA:1729,1
DA:1731,1
DA:1734,0
BRDA:1734,121,0,-
BRDA:1734,121,1,1
DA:1735,0
DA:1736,0
DA:1738,1
DA:1739,1
DA:1743,0
DA:1744,2
DA:1745,1
DA:1746,1
DA:1759,1
BRDA:1759,122,0,0
DA:1760,1
DA:1761,1
DA:1797,0
FN:1797,DegenerusGame.adminSwapEthForStEth
FNDA:0,DegenerusGame.adminSwapEthForStEth
DA:1801,0
BRDA:1801,123,0,-
DA:1802,0
BRDA:1802,124,0,-
DA:1803,0
BRDA:1803,125,0,-
DA:1805,0
DA:1806,0
BRDA:1806,126,0,-
DA:1807,0
BRDA:1807,127,0,-
DA:1808,0
DA:1818,0
FN:1818,DegenerusGame.adminStakeEthForStEth
FNDA:0,DegenerusGame.adminStakeEthForStEth
DA:1819,0
BRDA:1819,128,0,-
DA:1820,0
BRDA:1820,129,0,-
DA:1822,0
DA:1823,0
BRDA:1823,130,0,-
DA:1825,0
DA:1827,0
DA:1830,0
BRDA:1830,131,0,-
DA:1831,0
DA:1832,0
BRDA:1832,132,0,-
DA:1835,0
BRDA:1835,133,0,-
BRDA:1835,133,1,-
DA:1836,0
DA:1838,0
DA:1866,37836
FN:1866,DegenerusGame.updateVrfCoordinatorAndSub
FNDA:37836,DegenerusGame.updateVrfCoordinatorAndSub
DA:1871,37836
DA:1883,37836
BRDA:1883,134,0,0
DA:1889,19754
FN:1889,DegenerusGame.requestLootboxRng
FNDA:19754,DegenerusGame.requestLootboxRng
DA:1890,19754
DA:1897,19754
BRDA:1897,135,0,19746
DA:1906,645
FN:1906,DegenerusGame.reverseFlip
FNDA:645,DegenerusGame.reverseFlip
DA:1907,0
BRDA:1907,136,0,-
DA:1908,645
DA:1909,645
DA:1910,645
DA:1911,0
DA:1912,0
DA:1913,0
DA:1920,645
FN:1920,DegenerusGame._currentNudgeCost
FNDA:645,DegenerusGame._currentNudgeCost
DA:1923,645
DA:1924,645
DA:1925,0
DA:1927,0
DA:1938,162947
FN:1938,DegenerusGame.rawFulfillRandomWords
FNDA:162947,DegenerusGame.rawFulfillRandomWords
DA:1942,162947
DA:1951,162947
BRDA:1951,137,0,1
DA:1961,0
FN:1961,DegenerusGame._transferSteth
FNDA:0,DegenerusGame._transferSteth
DA:1962,0
BRDA:1962,138,0,-
DA:1963,0
BRDA:1963,139,0,-
DA:1964,0
BRDA:1964,140,0,-
DA:1965,0
DA:1966,0
DA:1968,0
BRDA:1968,141,0,-
DA:1976,1
FN:1976,DegenerusGame._payoutWithStethFallback
FNDA:1,DegenerusGame._payoutWithStethFallback
DA:1977,1
BRDA:1977,142,0,0
DA:1980,1
DA:1981,1
DA:1982,1
BRDA:1982,143,0,1
DA:1983,1
DA:1984,1
BRDA:1984,144,0,0
DA:1986,1
DA:1987,1
BRDA:1987,145,0,1
DA:1990,0
DA:1991,0
DA:1992,0
DA:1995,0
DA:1996,0
BRDA:1996,146,0,-
DA:1998,0
DA:1999,0
BRDA:1999,147,0,-
DA:2000,0
DA:2001,0
BRDA:2001,148,0,-
DA:2009,0
FN:2009,DegenerusGame._payoutWithEthFallback
FNDA:0,DegenerusGame._payoutWithEthFallback
DA:2010,0
BRDA:2010,149,0,-
DA:2012,0
DA:2013,0
DA:2014,0
DA:2016,0
DA:2017,0
BRDA:2017,150,0,-
DA:2019,0
DA:2020,0
BRDA:2020,151,0,-
DA:2021,0
DA:2022,0
BRDA:2022,152,0,-
DA:2038,0
FN:2038,DegenerusGame.prizePoolTargetView
FNDA:0,DegenerusGame.prizePoolTargetView
DA:2039,0
DA:2040,0
DA:2046,195454
FN:2046,DegenerusGame.nextPrizePoolView
FNDA:195454,DegenerusGame.nextPrizePoolView
DA:2047,195454
DA:2052,195454
FN:2052,DegenerusGame.futurePrizePoolView
FNDA:195454,DegenerusGame.futurePrizePoolView
DA:2053,195454
DA:2060,6570
FN:2060,DegenerusGame.ticketsOwedView
FNDA:6570,DegenerusGame.ticketsOwedView
DA:2064,6570
DA:2072,4001
FN:2072,DegenerusGame.lootboxStatus
FNDA:4001,DegenerusGame.lootboxStatus
DA:2077,4001
DA:2078,4001
DA:2079,4001
DA:2085,0
FN:2085,DegenerusGame.degeneretteBetInfo
FNDA:0,DegenerusGame.degeneretteBetInfo
DA:2089,0
DA:2094,4117907
FN:2094,DegenerusGame.lootboxPresaleActiveFlag
FNDA:4117907,DegenerusGame.lootboxPresaleActiveFlag
DA:2095,4117907
DA:2100,195454
FN:2100,DegenerusGame.currentPrizePoolView
FNDA:195454,DegenerusGame.currentPrizePoolView
DA:2101,195454
DA:2106,195454
FN:2106,DegenerusGame.claimablePoolView
FNDA:195454,DegenerusGame.claimablePoolView
DA:2107,195454
BRDA:2107,153,0,0
DA:2108,195454
DA:2112,0
FN:2112,DegenerusGame.isFinalSwept
FNDA:0,DegenerusGame.isFinalSwept
DA:2113,0
DA:2117,0
FN:2117,DegenerusGame.gameOverTimestamp
FNDA:0,DegenerusGame.gameOverTimestamp
DA:2118,0
DA:2124,0
FN:2124,DegenerusGame.yieldPoolView
FNDA:0,DegenerusGame.yieldPoolView
DA:2125,0
DA:2126,0
DA:2127,0
DA:2128,0
DA:2129,0
DA:2130,0
DA:2132,0
BRDA:2132,154,0,-
DA:2133,0
DA:2138,0
FN:2138,DegenerusGame.yieldAccumulatorView
FNDA:0,DegenerusGame.yieldAccumulatorView
DA:2139,0
DA:2145,0
FN:2145,DegenerusGame.mintPrice
FNDA:0,DegenerusGame.mintPrice
DA:2146,0
DA:2153,150949
FN:2153,DegenerusGame.rngWordForDay
FNDA:150949,DegenerusGame.rngWordForDay
DA:2154,150949
DA:2160,368307
FN:2160,DegenerusGame.rngLocked
FNDA:368307,DegenerusGame.rngLocked
DA:2161,368307
DA:2166,0
FN:2166,DegenerusGame.isRngFulfilled
FNDA:0,DegenerusGame.isRngFulfilled
DA:2167,0
DA:2172,0
FN:2172,DegenerusGame.lastVrfProcessed
FNDA:0,DegenerusGame.lastVrfProcessed
DA:2173,0
DA:2183,194860
FN:2183,DegenerusGame.decWindow
FNDA:194860,DegenerusGame.decWindow
DA:2184,194860
DA:2188,0
FN:2188,DegenerusGame.jackpotCompressionTier
FNDA:0,DegenerusGame.jackpotCompressionTier
DA:2189,0
DA:2193,20
FN:2193,DegenerusGame.jackpotPhase
FNDA:20,DegenerusGame.jackpotPhase
DA:2194,20
DA:2205,521340
FN:2205,DegenerusGame.purchaseInfo
FNDA:521340,DegenerusGame.purchaseInfo
DA:2216,521340
DA:2217,521340
DA:2218,521340
DA:2219,521340
DA:2220,521340
DA:2236,0
FN:2236,DegenerusGame.ethMintStats
FNDA:0,DegenerusGame.ethMintStats
DA:2239,0
DA:2240,0
BRDA:2240,155,0,-
DA:2241,0
DA:2242,0
DA:2244,0
DA:2245,0
DA:2248,0
DA:2274,36124
FN:2274,DegenerusGame.playerActivityScore
FNDA:36124,DegenerusGame.playerActivityScore
DA:2277,36124
DA:2278,36124
DA:2290,0
FN:2290,DegenerusGame.getWinnings
FNDA:0,DegenerusGame.getWinnings
DA:2291,0
BRDA:2291,156,0,-
DA:2292,0
DA:2293,0
BRDA:2293,157,0,-
DA:2295,0
DA:2302,51302
FN:2302,DegenerusGame.claimableWinningsOf
FNDA:51302,DegenerusGame.claimableWinningsOf
DA:2305,51302
BRDA:2305,158,0,0
DA:2306,51302
DA:2312,0
FN:2312,DegenerusGame.whalePassClaimAmount
FNDA:0,DegenerusGame.whalePassClaimAmount
DA:2315,0
DA:2319,4202267
FN:2319,DegenerusGame.hasDeityPass
FNDA:4202267,DegenerusGame.hasDeityPass
DA:2320,4202267
DA:2327,2137
FN:2327,DegenerusGame.mintPackedFor
FNDA:2137,DegenerusGame.mintPackedFor
DA:2328,2137
DA:2345,0
FN:2345,DegenerusGame.sampleTraitTickets
FNDA:0,DegenerusGame.sampleTraitTickets
DA:2352,0
DA:2353,0
BRDA:2353,159,0,-
DA:2354,0
DA:2357,0
DA:2358,0
BRDA:2358,160,0,-
DA:2360,0
DA:2361,0
DA:2363,0
DA:2364,0
DA:2367,0
DA:2368,0
DA:2369,0
DA:2370,0
BRDA:2370,161,0,-
DA:2371,0
DA:2374,0
DA:2375,0
DA:2376,0
DA:2377,0
DA:2378,0
DA:2380,0
DA:2392,50300
FN:2392,DegenerusGame.sampleTraitTicketsAtLevel
FNDA:50300,DegenerusGame.sampleTraitTicketsAtLevel
DA:2396,50300
DA:2397,50300
DA:2398,50300
DA:2399,50300
BRDA:2399,162,0,12347
DA:2400,12347
DA:2403,37953
DA:2404,37953
DA:2405,37953
DA:2406,37953
DA:2407,131438
DA:2409,131438
DA:2419,2012
FN:2419,DegenerusGame.sampleFarFutureTickets
FNDA:2012,DegenerusGame.sampleFarFutureTickets
DA:2422,2012
DA:2423,2012
DA:2424,2012
DA:2425,2012
DA:2427,2012
DA:2428,8048
DA:2429,8048
DA:2431,8048
DA:2432,8048
DA:2433,8048
BRDA:2433,163,0,8048
DA:2434,8048
DA:2435,8048
DA:2436,8048
BRDA:2436,164,0,8048
DA:2437,8048
DA:2439,8048
DA:2444,8048
DA:2448,2012
DA:2449,2012
DA:2450,8048
DA:2452,8048
DA:2473,0
FN:2473,DegenerusGame.getTickets
FNDA:0,DegenerusGame.getTickets
DA:2480,0
DA:2481,0
DA:2482,0
BRDA:2482,165,0,-
DA:2484,0
DA:2485,0
BRDA:2485,166,0,-
DA:2487,0
DA:2488,0
BRDA:2488,167,0,-
DA:2490,0
DA:2493,0
DA:2499,0
FN:2499,DegenerusGame.getPlayerPurchases
FNDA:0,DegenerusGame.getPlayerPurchases
DA:2502,0
DA:2514,0
FN:2514,DegenerusGame.getDailyHeroWager
FNDA:0,DegenerusGame.getDailyHeroWager
DA:2519,0
BRDA:2519,168,0,-
DA:2520,0
DA:2521,0
DA:2529,0
FN:2529,DegenerusGame.getDailyHeroWinner
FNDA:0,DegenerusGame.getDailyHeroWinner
DA:2536,0
DA:2537,0
DA:2538,0
DA:2539,0
DA:2540,0
BRDA:2540,169,0,-
DA:2541,0
DA:2542,0
DA:2543,0
DA:2553,0
FN:2553,DegenerusGame.getPlayerDegeneretteWager
FNDA:0,DegenerusGame.getPlayerDegeneretteWager
DA:2557,0
DA:2564,0
FN:2564,DegenerusGame.getTopDegenerette
FNDA:0,DegenerusGame.getTopDegenerette
DA:2567,0
DA:2568,0
DA:2569,0
DA:2588,0
FN:2588,DegenerusGame.receive
FNDA:0,DegenerusGame.receive
DA:2589,0
BRDA:2589,170,0,-
DA:2590,0
BRDA:2590,171,0,-
BRDA:2590,171,1,-
DA:2591,0
DA:2592,0
DA:2594,0
DA:2595,0
FNF:117
FNH:63
LF:675
LH:296
BRF:181
BRH:33
end_of_record
TN:
SF:contracts/DegenerusJackpots.sol
DA:141,22285
FN:141,DegenerusJackpots.onlyCoin
FNDA:22285,DegenerusJackpots.onlyCoin
DA:142,22285
BRDA:142,0,0,0
DA:148,1006
FN:148,DegenerusJackpots.onlyGame
FNDA:1006,DegenerusJackpots.onlyGame
DA:149,1006
BRDA:149,1,0,0
DA:166,22285
FN:166,DegenerusJackpots.recordBafFlip
FNDA:22285,DegenerusJackpots.recordBafFlip
DA:167,22285
BRDA:167,2,0,2178
DA:169,20107
DA:170,20107
BRDA:170,3,0,1
DA:171,1
DA:172,1
DA:175,20107
DA:176,20107
DA:177,20107
DA:179,20107
DA:180,20107
DA:220,1006
FN:220,DegenerusJackpots.runBafJackpot
FNDA:1006,DegenerusJackpots.runBafJackpot
DA:230,0
DA:232,1006
DA:233,1006
DA:234,1006
DA:235,1006
DA:237,1006
DA:238,1006
DA:242,1006
DA:243,1006
DA:244,1006
BRDA:244,4,0,1006
BRDA:244,4,1,0
DA:246,1006
DA:249,0
DA:255,1006
DA:256,1006
DA:257,1006
BRDA:257,5,0,1006
BRDA:257,5,1,0
DA:259,1006
DA:262,0
DA:268,1006
DA:270,1006
DA:271,1006
DA:272,1006
DA:273,1006
DA:275,1006
BRDA:275,6,0,1005
BRDA:275,6,1,1
DA:277,1005
DA:280,1
DA:286,1006
DA:287,1006
DA:288,1006
DA:290,1006
DA:291,1006
DA:293,1006
DA:294,1006
DA:295,1006
DA:296,1006
DA:298,1006
DA:299,1006
DA:300,4024
DA:301,4024
DA:302,4024
BRDA:302,7,0,1006
BRDA:302,7,1,885
DA:303,1006
DA:304,1006
DA:305,1006
DA:306,1006
DA:307,3018
BRDA:307,8,0,885
DA:308,885
DA:309,885
DA:311,4024
DA:314,1006
BRDA:314,9,0,1006
BRDA:314,9,1,0
DA:315,1006
DA:317,0
DA:319,1006
BRDA:319,10,0,885
BRDA:319,10,1,121
DA:320,885
DA:322,121
DA:328,1006
DA:329,1006
DA:330,1006
DA:332,1006
DA:333,1006
DA:335,1006
DA:336,1006
DA:337,1006
DA:338,1006
DA:340,1006
DA:341,1006
DA:342,4024
DA:343,4024
DA:344,4024
BRDA:344,11,0,1006
BRDA:344,11,1,865
DA:345,1006
DA:346,1006
DA:347,1006
DA:348,1006
DA:349,3018
BRDA:349,12,0,865
DA:350,865
DA:351,865
DA:353,4024
DA:356,1006
BRDA:356,13,0,1006
BRDA:356,13,1,0
DA:357,1006
DA:359,0
DA:361,1006
BRDA:361,14,0,865
BRDA:361,14,1,141
DA:362,865
DA:364,141
DA:372,1006
DA:373,1006
DA:374,1006
DA:375,1006
DA:376,1006
DA:377,1006
DA:378,1006
DA:381,1006
DA:383,50300
DA:385,50300
DA:390,50300
DA:391,0
BRDA:391,15,0,-
BRDA:391,15,1,30180
DA:392,0
BRDA:392,16,0,-
BRDA:392,16,1,-
DA:393,0
BRDA:393,17,0,-
BRDA:393,17,1,-
DA:394,0
BRDA:394,18,0,-
BRDA:394,18,1,-
DA:396,0
DA:397,0
DA:400,50300
BRDA:400,19,0,20120
BRDA:400,19,1,30180
DA:401,30180
DA:404,0
DA:407,50300
DA:408,50300
BRDA:408,20,0,0
DA:410,50300
DA:411,50300
DA:412,50300
DA:413,50300
DA:415,50300
DA:416,131438
DA:417,131438
DA:418,131438
BRDA:418,21,0,12
BRDA:418,21,1,0
DA:419,12
DA:420,12
DA:421,12
DA:422,12
DA:423,131426
BRDA:423,22,0,0
DA:424,0
DA:425,0
DA:428,131438
DA:433,50300
BRDA:433,23,0,12
DA:434,12
DA:436,12
DA:439,50300
BRDA:439,24,0,0
DA:440,0
DA:442,0
DA:447,50300
DA:452,1006
DA:453,1006
DA:456,1006
DA:457,1006
DA:459,1006
DA:460,12
DA:461,12
DA:463,12
DA:464,12
DA:468,1006
DA:469,0
DA:470,0
DA:472,0
DA:473,0
DA:479,1006
DA:480,1006
DA:482,0
DA:483,0
DA:487,1006
DA:488,1006
DA:489,1006
DA:490,1006
DA:507,7042
FN:507,DegenerusJackpots._creditOrRefund
FNDA:7042,DegenerusJackpots._creditOrRefund
DA:514,7042
BRDA:514,25,0,0
DA:515,7042
BRDA:515,26,0,6779
DA:516,6779
DA:517,6779
DA:518,6779
DA:520,263
DA:533,139486
FN:533,DegenerusJackpots._bafScore
FNDA:139486,DegenerusJackpots._bafScore
DA:534,139486
BRDA:534,27,0,0
DA:535,139486
DA:541,20107
FN:541,DegenerusJackpots._score96
FNDA:20107,DegenerusJackpots._score96
DA:542,20107
DA:543,20107
BRDA:543,28,0,0
DA:544,0
DA:546,20107
DA:555,20107
FN:555,DegenerusJackpots._updateBafTop
FNDA:20107,DegenerusJackpots._updateBafTop
DA:556,20107
DA:557,20107
DA:558,20107
DA:561,20107
DA:562,20107
DA:563,70355
BRDA:563,29,0,5
DA:564,5
DA:565,5
DA:568,70350
DA:573,20107
BRDA:573,30,0,5
DA:574,5
BRDA:574,31,0,0
DA:575,5
DA:577,0
DA:578,5
DA:579,0
DA:580,0
DA:581,0
DA:583,0
DA:586,5
DA:590,20102
BRDA:590,32,0,4022
DA:591,4022
DA:592,10052
DA:593,6030
DA:595,6030
DA:598,4022
DA:599,4022
DA:600,4022
DA:604,16080
BRDA:604,33,0,0
DA:605,16080
DA:606,64320
DA:607,48240
DA:609,48240
DA:612,16080
DA:620,2012
FN:620,DegenerusJackpots._bafTop
FNDA:2012,DegenerusJackpots._bafTop
DA:621,2012
DA:622,2012
BRDA:622,34,0,1
DA:623,2011
DA:624,2011
DA:629,1006
FN:629,DegenerusJackpots._clearBafTop
FNDA:1006,DegenerusJackpots._clearBafTop
DA:630,1006
DA:631,1006
BRDA:631,35,0,1006
DA:634,1006
DA:637,4021
DA:647,66986
FN:647,DegenerusJackpots.getLastBafResolvedDay
FNDA:66986,DegenerusJackpots.getLastBafResolvedDay
DA:648,66986
FNF:11
FNH:11
LF:225
LH:197
BRF:51
BRH:29
end_of_record
TN:
SF:contracts/DegenerusQuests.sol
DA:310,443593
FN:310,DegenerusQuests.onlyCoin
FNDA:443593,DegenerusQuests.onlyCoin
DA:311,443593
DA:313,443593
DA:314,443593
DA:315,443593
DA:316,0
DA:317,0
BRDA:317,0,0,-
DA:321,0
FN:321,DegenerusQuests.onlyGame
FNDA:0,DegenerusQuests.onlyGame
DA:322,0
BRDA:322,1,0,-
DA:334,183658
FN:334,DegenerusQuests.rollDailyQuest
FNDA:183658,DegenerusQuests.rollDailyQuest
DA:335,183658
DA:336,183658
BRDA:336,2,0,0
DA:339,183658
DA:342,183658
DA:343,183658
DA:348,183658
DA:350,183658
DA:351,183658
DA:365,0
FN:365,DegenerusQuests.awardQuestStreakBonus
FNDA:0,DegenerusQuests.awardQuestStreakBonus
DA:366,0
BRDA:366,3,0,-
DA:368,0
DA:369,0
DA:371,0
DA:372,0
DA:373,0
BRDA:373,4,0,-
BRDA:373,4,1,-
DA:374,0
DA:376,0
DA:379,0
DA:380,0
BRDA:380,5,0,-
DA:381,0
DA:383,0
DA:417,0
FN:417,DegenerusQuests.handleMint
FNDA:0,DegenerusQuests.handleMint
DA:427,0
DA:428,0
DA:429,0
DA:430,0
BRDA:430,6,0,-
DA:431,0
DA:434,0
DA:436,0
DA:437,0
DA:438,0
DA:439,0
DA:444,0
DA:445,0
DA:446,0
DA:447,0
BRDA:447,7,0,-
DA:449,0
DA:451,0
DA:454,0
DA:456,0
BRDA:456,8,0,-
DA:457,0
DA:458,0
BRDA:458,9,0,-
BRDA:458,9,1,-
DA:459,0
DA:460,0
DA:461,0
DA:476,0
DA:477,0
DA:492,0
DA:493,0
BRDA:493,10,0,-
DA:494,0
DA:495,0
DA:496,0
DA:497,0
DA:501,0
DA:505,0
BRDA:505,11,0,-
DA:506,0
BRDA:506,12,0,-
BRDA:506,12,1,-
DA:507,0
DA:509,0
DA:512,0
BRDA:512,13,0,-
DA:513,0
BRDA:513,14,0,-
DA:514,0
DA:516,0
DA:518,0
DA:533,0
FN:533,DegenerusQuests.handleFlip
FNDA:0,DegenerusQuests.handleFlip
DA:541,0
DA:542,0
DA:543,0
DA:544,0
BRDA:544,15,0,-
DA:545,0
DA:547,0
DA:548,0
DA:550,0
DA:551,0
BRDA:551,16,0,-
DA:552,0
DA:555,0
DA:556,0
DA:557,0
DA:558,0
DA:559,0
DA:567,0
BRDA:567,17,0,-
DA:568,0
DA:570,0
BRDA:570,18,0,-
DA:571,0
DA:574,0
DA:589,0
FN:589,DegenerusQuests.handleDecimator
FNDA:0,DegenerusQuests.handleDecimator
DA:597,0
DA:598,0
DA:599,0
DA:600,0
BRDA:600,19,0,-
DA:601,0
DA:603,0
DA:604,0
DA:606,0
DA:607,0
BRDA:607,20,0,-
DA:608,0
DA:610,0
DA:611,0
DA:612,0
DA:613,0
DA:621,0
BRDA:621,21,0,-
DA:622,0
DA:624,0
BRDA:624,22,0,-
DA:625,0
DA:627,0
DA:628,0
BRDA:628,23,0,-
DA:629,0
DA:644,505
FN:644,DegenerusQuests.handleAffiliate
FNDA:505,DegenerusQuests.handleAffiliate
DA:652,505
DA:653,505
DA:654,505
DA:655,505
BRDA:655,24,0,505
DA:656,505
DA:658,0
DA:659,0
DA:661,0
DA:662,0
BRDA:662,25,0,-
DA:663,0
DA:665,0
DA:666,0
DA:667,0
DA:668,0
DA:676,0
BRDA:676,26,0,-
DA:677,0
DA:679,0
BRDA:679,27,0,-
DA:680,0
DA:682,0
DA:698,0
FN:698,DegenerusQuests.handleLootBox
FNDA:0,DegenerusQuests.handleLootBox
DA:707,0
DA:708,0
DA:709,0
DA:710,0
BRDA:710,28,0,-
DA:711,0
DA:713,0
DA:714,0
DA:716,0
DA:717,0
BRDA:717,29,0,-
DA:718,0
DA:720,0
DA:721,0
DA:722,0
DA:723,0
DA:731,0
BRDA:731,30,0,-
DA:732,0
DA:734,0
BRDA:734,31,0,-
DA:735,0
DA:737,0
DA:738,0
BRDA:738,32,0,-
DA:739,0
DA:762,443593
FN:762,DegenerusQuests.handlePurchase
FNDA:443593,DegenerusQuests.handlePurchase
DA:774,443593
DA:775,443593
DA:776,443593
DA:777,443593
BRDA:777,33,0,57726
DA:778,57726
DA:780,385867
BRDA:780,34,0,100471
DA:781,100471
DA:784,285396
DA:786,285396
DA:787,285396
DA:788,285396
DA:789,285396
DA:790,285396
DA:791,285396
DA:794,285396
BRDA:794,35,0,285396
DA:795,285396
DA:796,285396
DA:797,285396
DA:798,570792
DA:799,570792
BRDA:799,36,0,285396
DA:800,285396
DA:801,285396
DA:802,285396
DA:808,285396
DA:809,187240
BRDA:809,37,0,187240
DA:810,187240
DA:811,187240
DA:812,187240
DA:813,187240
DA:816,570792
DA:818,285396
BRDA:818,38,0,0
DA:819,0
DA:824,285396
BRDA:824,39,0,0
DA:825,0
DA:826,0
DA:827,0
DA:828,0
BRDA:828,40,0,-
DA:829,0
DA:830,0
DA:831,0
DA:837,0
DA:838,0
BRDA:838,41,0,-
DA:839,0
DA:840,0
DA:841,0
DA:842,0
DA:845,0
DA:847,0
BRDA:847,42,0,-
DA:848,0
DA:853,285396
BRDA:853,43,0,39385
DA:854,39385
DA:856,39385
DA:857,39385
BRDA:857,44,0,2138
DA:858,2138
DA:859,2138
DA:860,2138
DA:861,2138
DA:863,2138
BRDA:863,45,0,2130
DA:864,2130
DA:865,2130
BRDA:865,46,0,2130
DA:866,2130
DA:869,1998
BRDA:869,47,0,1998
DA:870,1998
DA:871,1998
DA:872,1998
DA:873,1998
DA:884,285396
BRDA:884,48,0,0
DA:885,0
DA:887,285396
BRDA:887,49,0,1998
DA:888,1998
DA:891,285396
DA:892,187244
BRDA:892,50,0,187244
DA:893,187244
DA:895,98152
DA:911,11287
FN:911,DegenerusQuests.handleDegenerette
FNDA:11287,DegenerusQuests.handleDegenerette
DA:921,11287
DA:922,11287
DA:923,11287
DA:924,11287
BRDA:924,51,0,1543
DA:925,1543
DA:927,9744
DA:929,9744
DA:930,9744
DA:931,9744
BRDA:931,52,0,8477
DA:932,8477
DA:933,8477
DA:936,1267
DA:937,1267
DA:951,1267
BRDA:951,53,0,155
DA:952,155
DA:966,0
FN:966,DegenerusQuests.getActiveQuests
FNDA:0,DegenerusQuests.getActiveQuests
DA:967,0
DA:968,0
DA:969,0
DA:970,0
DA:971,0
DA:973,0
DA:982,0
FN:982,DegenerusQuests._materializeActiveQuestsForView
FNDA:0,DegenerusQuests._materializeActiveQuestsForView
DA:983,0
DA:994,47411
FN:994,DegenerusQuests.playerQuestStates
FNDA:47411,DegenerusQuests.playerQuestStates
DA:1002,47411
DA:1003,47411
DA:1004,47411
DA:1005,47411
DA:1006,47411
DA:1007,47411
DA:1008,94822
DA:1010,94822
DA:1011,94822
DA:1013,94822
DA:1026,0
FN:1026,DegenerusQuests.getPlayerQuestView
FNDA:0,DegenerusQuests.getPlayerQuestView
DA:1027,0
DA:1028,0
DA:1029,0
DA:1032,0
DA:1033,0
DA:1034,0
BRDA:1034,54,0,-
DA:1035,0
DA:1036,0
DA:1037,0
BRDA:1037,55,0,-
DA:1038,0
DA:1042,0
DA:1043,0
DA:1045,0
DA:1046,0
DA:1048,0
DA:1049,0
DA:1056,0
DA:1079,0
FN:1079,DegenerusQuests._questViewData
FNDA:0,DegenerusQuests._questViewData
DA:1085,0
DA:1091,0
BRDA:1091,56,0,-
DA:1092,0
DA:1094,0
DA:1106,0
FN:1106,DegenerusQuests._questRequirements
FNDA:0,DegenerusQuests._questRequirements
DA:1107,0
DA:1108,0
BRDA:1108,57,0,-
BRDA:1108,57,1,-
DA:1109,0
DA:1111,0
DA:1113,0
DA:1114,0
DA:1115,0
DA:1116,0
BRDA:1116,58,0,-
DA:1117,0
DA:1119,0
DA:1135,49129
FN:1135,DegenerusQuests._currentDayQuestOfType
FNDA:49129,DegenerusQuests._currentDayQuestOfType
DA:1140,49129
DA:1141,49129
DA:1142,98258
DA:1143,98258
BRDA:1143,59,0,3405
DA:1144,3405
DA:1145,3405
DA:1146,3405
DA:1149,94853
DA:1167,194860
FN:1167,DegenerusQuests._canRollDecimatorQuest
FNDA:194860,DegenerusQuests._canRollDecimatorQuest
DA:1168,194860
DA:1169,194860
BRDA:1169,60,0,180604
DA:1170,14256
DA:1172,14256
BRDA:1172,61,0,0
DA:1174,14256
BRDA:1174,62,0,14256
DA:1175,0
DA:1189,291017
FN:1189,DegenerusQuests._clampedAdd128
FNDA:291017,DegenerusQuests._clampedAdd128
DA:1191,291017
DA:1192,291017
BRDA:1192,63,0,0
DA:1193,0
DA:1195,291017
DA:1204,367316
FN:1204,DegenerusQuests._nextQuestVersion
FNDA:367316,DegenerusQuests._nextQuestVersion
DA:1205,367316
DA:1231,286663
FN:1231,DegenerusQuests._questHandleProgressSlot
FNDA:286663,DegenerusQuests._questHandleProgressSlot
DA:1245,286663
DA:1246,286663
DA:1247,286663
DA:1255,286663
DA:1256,286663
BRDA:1256,64,0,286634
DA:1257,286634
BRDA:1257,65,0,1025
DA:1258,1025
DA:1260,285609
DA:1262,29
DA:1283,295140
FN:1283,DegenerusQuests._questSyncState
FNDA:295140,DegenerusQuests._questSyncState
DA:1284,295140
DA:1285,295140
DA:1286,295140
BRDA:1286,66,0,19456
DA:1287,19456
DA:1288,19456
DA:1289,19456
BRDA:1289,67,0,0
BRDA:1289,67,1,0
DA:1290,0
DA:1291,0
DA:1292,0
BRDA:1292,68,0,-
DA:1293,0
DA:1300,0
BRDA:1300,69,0,-
DA:1301,0
DA:1304,19456
DA:1307,295140
BRDA:1307,70,0,18396
DA:1308,18396
DA:1310,295140
DA:1311,295140
BRDA:1311,71,0,192636
DA:1312,192636
DA:1313,192636
DA:1314,192636
DA:1328,288801
FN:1328,DegenerusQuests._questSyncProgress
FNDA:288801,DegenerusQuests._questSyncProgress
DA:1334,288801
DA:1335,288801
BRDA:1335,72,0,190295
DA:1336,190295
DA:1337,190295
DA:1338,190295
DA:1350,94822
FN:1350,DegenerusQuests._questProgressValid
FNDA:94822,DegenerusQuests._questProgressValid
DA:1356,94822
BRDA:1356,73,0,18540
DA:1357,18540
DA:1359,76282
DA:1360,76282
DA:1371,187240
FN:1371,DegenerusQuests._questProgressValidStorage
FNDA:187240,DegenerusQuests._questProgressValidStorage
DA:1377,187240
BRDA:1377,74,0,0
DA:1378,0
DA:1380,187240
DA:1381,187240
DA:1391,94822
FN:1391,DegenerusQuests._questCompleted
FNDA:94822,DegenerusQuests._questCompleted
DA:1396,94822
BRDA:1396,75,0,18540
DA:1397,18540
DA:1399,76282
DA:1400,76282
DA:1414,288948
FN:1414,DegenerusQuests._questTargetValue
FNDA:288948,DegenerusQuests._questTargetValue
DA:1419,288948
DA:1420,288948
BRDA:1420,76,0,285396
DA:1421,285396
DA:1424,285396
DA:1425,285396
DA:1427,3552
BRDA:1427,77,0,3552
DA:1428,3552
DA:1429,3552
DA:1431,0
BRDA:1431,78,0,-
DA:1432,0
DA:1435,0
DA:1436,0
DA:1437,0
DA:1438,0
DA:1439,0
BRDA:1439,79,0,-
DA:1440,0
DA:1442,0
DA:1465,194860
FN:1465,DegenerusQuests._bonusQuestType
FNDA:194860,DegenerusQuests._bonusQuestType
DA:1470,194860
DA:1471,194860
DA:1473,194860
DA:1475,1948600
BRDA:1475,80,0,183658
DA:1477,183658
DA:1479,183658
DA:1482,1764942
BRDA:1482,81,0,389720
DA:1484,389720
DA:1486,389720
DA:1489,1375222
BRDA:1489,82,0,194860
DA:1491,194860
DA:1493,194860
DA:1496,1180362
DA:1497,1180362
BRDA:1497,83,0,194860
BRDA:1497,83,1,194860
DA:1498,194860
DA:1499,985502
BRDA:1499,84,0,194860
BRDA:1499,84,1,194860
DA:1500,194860
DA:1501,790642
BRDA:1501,85,0,0
BRDA:1501,85,1,194860
DA:1502,0
DA:1503,790642
BRDA:1503,86,0,194860
DA:1504,194860
DA:1507,1180362
DA:1508,1180362
DA:1511,1180362
DA:1516,194860
BRDA:1516,87,0,0
DA:1517,0
DA:1521,194860
DA:1522,194860
DA:1523,1444512
DA:1524,1444512
BRDA:1524,88,0,796698
DA:1525,796698
BRDA:1525,89,0,194860
DA:1526,194860
DA:1528,601838
DA:1531,1249652
DA:1535,0
DA:1561,287880
FN:1561,DegenerusQuests._questComplete
FNDA:287880,DegenerusQuests._questComplete
DA:1570,287880
DA:1571,287880
DA:1574,287880
BRDA:1574,90,0,98346
DA:1575,98346
DA:1579,189534
DA:1580,189534
DA:1581,189534
BRDA:1581,91,0,187240
DA:1582,187240
DA:1585,189534
DA:1588,189534
BRDA:1588,92,0,187240
DA:1589,187240
DA:1590,187240
BRDA:1590,93,0,187240
DA:1591,187240
DA:1593,187240
DA:1594,187240
DA:1596,189534
DA:1598,189534
DA:1599,2294
DA:1607,189534
DA:1626,287739
FN:1626,DegenerusQuests._questCompleteWithPair
FNDA:287739,DegenerusQuests._questCompleteWithPair
DA:1638,287739
DA:1644,287739
BRDA:1644,94,0,98346
DA:1645,98346
DA:1649,189393
DA:1650,189393
DA:1655,189393
DA:1658,141
BRDA:1658,95,0,141
DA:1659,141
DA:1660,141
DA:1661,141
DA:1664,189393
DA:1679,189393
FN:1679,DegenerusQuests._maybeCompleteOther
FNDA:189393,DegenerusQuests._maybeCompleteOther
DA:1690,189393
DA:1693,189393
BRDA:1693,96,0,0
DA:1694,0
DA:1697,189393
BRDA:1697,97,0,2153
DA:1698,2153
DA:1701,187240
BRDA:1701,98,0,187099
DA:1702,187099
DA:1705,141
DA:1716,187240
FN:1716,DegenerusQuests._questReady
FNDA:187240,DegenerusQuests._questReady
DA:1722,187240
BRDA:1722,99,0,187093
DA:1723,147
DA:1724,147
DA:1726,147
DA:1732,0
BRDA:1732,100,0,-
DA:1733,0
DA:1735,147
DA:1736,147
BRDA:1736,101,0,0
DA:1737,147
DA:1751,367316
FN:1751,DegenerusQuests._seedQuestType
FNDA:367316,DegenerusQuests._seedQuestType
DA:1756,367316
DA:1757,367316
DA:1758,367316
DA:1766,502796
FN:1766,DegenerusQuests._currentQuestDay
FNDA:502796,DegenerusQuests._currentQuestDay
DA:1767,502796
DA:1768,502796
BRDA:1768,102,0,433752
DA:1769,69044
DA:1779,11202
FN:1779,DegenerusQuests.rollLevelQuest
FNDA:11202,DegenerusQuests.rollLevelQuest
DA:1780,11202
DA:1781,11202
DA:1782,11202
DA:1789,2137
FN:1789,DegenerusQuests._isLevelQuestEligible
FNDA:2137,DegenerusQuests._isLevelQuestEligible
DA:1790,2137
DA:1793,2137
DA:1794,2137
BRDA:1794,103,0,1377
DA:1795,760
DA:1796,760
BRDA:1796,104,0,0
DA:1799,760
DA:1800,760
BRDA:1800,105,0,312
DA:1803,448
DA:1804,448
DA:1805,448
BRDA:1805,106,0,0
DA:1808,448
DA:1819,2216
FN:1819,DegenerusQuests._levelQuestTargetValue
FNDA:2216,DegenerusQuests._levelQuestTargetValue
DA:1820,2216
BRDA:1820,107,0,0
DA:1821,2216
BRDA:1821,108,0,2216
DA:1822,0
BRDA:1822,109,0,-
DA:1823,0
DA:1826,0
DA:1827,0
DA:1828,0
DA:1829,0
DA:1830,0
BRDA:1830,110,0,-
DA:1831,0
DA:1833,0
DA:1845,334525
FN:1845,DegenerusQuests._handleLevelQuestProgress
FNDA:334525,DegenerusQuests._handleLevelQuestProgress
DA:1851,334525
DA:1854,334525
BRDA:1854,111,0,330607
DA:1856,3918
DA:1857,3918
DA:1858,3918
DA:1861,3918
BRDA:1861,112,0,438
DA:1862,438
DA:1866,3918
BRDA:1866,113,0,1702
DA:1868,2216
DA:1869,2216
DA:1871,2216
DA:1872,2216
BRDA:1872,114,0,2137
BRDA:1872,114,1,0
DA:1874,2137
BRDA:1874,115,0,1825
DA:1875,1825
DA:1876,1825
DA:1877,1825
DA:1879,312
DA:1882,312
DA:1883,312
DA:1884,312
DA:1886,79
DA:1887,79
DA:1894,0
FN:1894,DegenerusQuests.getPlayerLevelQuestView
FNDA:0,DegenerusQuests.getPlayerLevelQuestView
DA:1900,0
DA:1902,0
DA:1903,0
DA:1905,0
BRDA:1905,116,0,-
DA:1906,0
DA:1907,0
DA:1910,0
DA:1911,0
FNF:40
FNH:28
LF:551
LH:310
BRF:126
BRH:58
end_of_record
TN:
SF:contracts/DegenerusStonk.sol
DA:113,217
FN:113,DegenerusStonk.constructor
FNDA:217,DegenerusStonk.constructor
DA:114,217
DA:115,217
BRDA:115,0,0,0
DA:116,217
DA:117,217
DA:118,217
DA:119,217
DA:120,217
DA:121,217
DA:122,217
DA:127,0
FN:127,DegenerusStonk.receive
FNDA:0,DegenerusStonk.receive
DA:128,0
BRDA:128,1,0,-
DA:142,1
FN:142,DegenerusStonk.transfer
FNDA:1,DegenerusStonk.transfer
DA:143,1
DA:155,0
FN:155,DegenerusStonk.transferFrom
FNDA:0,DegenerusStonk.transferFrom
DA:156,0
DA:157,0
BRDA:157,2,0,-
DA:158,0
BRDA:158,3,0,-
DA:159,0
DA:161,0
DA:163,0
DA:164,0
DA:166,0
DA:173,0
FN:173,DegenerusStonk.approve
FNDA:0,DegenerusStonk.approve
DA:174,0
DA:175,0
DA:176,0
DA:187,0
FN:187,DegenerusStonk.unwrapTo
FNDA:0,DegenerusStonk.unwrapTo
DA:188,0
BRDA:188,4,0,-
DA:189,0
BRDA:189,5,0,-
DA:190,0
BRDA:190,6,0,-
DA:191,0
DA:192,0
DA:193,0
DA:202,0
FN:202,DegenerusStonk.claimVested
FNDA:0,DegenerusStonk.claimVested
DA:203,0
BRDA:203,7,0,-
DA:204,0
DA:205,0
BRDA:205,8,0,-
DA:206,0
BRDA:206,9,0,-
DA:207,0
DA:208,0
DA:209,0
DA:210,0
DA:211,0
DA:212,0
DA:227,0
FN:227,DegenerusStonk.burn
FNDA:0,DegenerusStonk.burn
DA:228,0
DA:229,0
BRDA:229,10,0,-
DA:231,0
DA:233,0
BRDA:233,11,0,-
DA:234,0
BRDA:234,12,0,-
DA:236,0
BRDA:236,13,0,-
DA:237,0
BRDA:237,14,0,-
DA:239,0
BRDA:239,15,0,-
DA:240,0
DA:241,0
BRDA:241,16,0,-
DA:244,0
DA:257,0
FN:257,DegenerusStonk.previewBurn
FNDA:0,DegenerusStonk.previewBurn
DA:258,0
DA:265,1
FN:265,DegenerusStonk._transfer
FNDA:1,DegenerusStonk._transfer
DA:266,1
BRDA:266,17,0,0
DA:267,1
BRDA:267,18,0,0
DA:268,1
DA:269,1
BRDA:269,19,0,0
DA:271,1
DA:272,1
DA:274,1
DA:275,0
DA:278,0
FN:278,DegenerusStonk._burn
FNDA:0,DegenerusStonk._burn
DA:279,0
DA:280,0
BRDA:280,20,0,-
DA:282,0
DA:283,0
DA:285,0
DA:304,0
FN:304,DegenerusStonk.yearSweep
FNDA:0,DegenerusStonk.yearSweep
DA:305,0
BRDA:305,21,0,-
DA:306,0
DA:307,0
BRDA:307,22,0,-
DA:309,0
DA:310,0
BRDA:310,23,0,-
DA:312,0
DA:315,0
DA:316,0
DA:317,0
DA:318,0
DA:321,0
BRDA:321,24,0,-
DA:322,0
BRDA:322,25,0,-
DA:324,0
BRDA:324,26,0,-
DA:325,0
BRDA:325,27,0,-
DA:328,0
BRDA:328,28,0,-
DA:329,0
DA:330,0
BRDA:330,29,0,-
DA:332,0
BRDA:332,30,0,-
DA:333,0
DA:334,0
BRDA:334,31,0,-
DA:337,0
DA:349,1
FN:349,DegenerusStonk.burnForSdgnrs
FNDA:1,DegenerusStonk.burnForSdgnrs
DA:350,1
BRDA:350,32,0,0
DA:351,1
DA:352,1
BRDA:352,33,0,0
DA:354,1
DA:355,1
DA:357,1
FNF:13
FNH:4
LF:103
LH:27
BRF:34
BRH:0
end_of_record
TN:
SF:contracts/DegenerusTraitUtils.sol
DA:113,161119360
FN:113,DegenerusTraitUtils.weightedBucket
FNDA:161119360,DegenerusTraitUtils.weightedBucket
DA:116,161119360
DA:119,161119360
BRDA:119,0,0,23937323
DA:120,137182037
BRDA:120,1,0,24255386
DA:121,112926651
BRDA:121,2,0,19293574
DA:122,93633077
BRDA:122,3,0,20203346
DA:123,73429731
BRDA:123,4,0,19893546
DA:124,53536185
BRDA:124,5,0,16897123
DA:125,36639062
BRDA:125,6,0,21351364
DA:126,15287698
DA:143,80559680
FN:143,DegenerusTraitUtils.traitFromWord
FNDA:80559680,DegenerusTraitUtils.traitFromWord
DA:145,80559680
DA:147,80559680
DA:149,80559680
DA:172,3726
FN:172,DegenerusTraitUtils.packedTraitsFromSeed
FNDA:3726,DegenerusTraitUtils.packedTraitsFromSeed
DA:174,3726
DA:175,3726
DA:176,3726
DA:177,3726
DA:180,3726
FNF:3
FNH:3
LF:20
LH:20
BRF:7
BRH:7
end_of_record
TN:
SF:contracts/DegenerusVault.sol
DA:221,0
FN:221,DegenerusVaultShare.onlyVault
FNDA:0,DegenerusVaultShare.onlyVault
DA:222,0
BRDA:222,0,0,-
DA:233,434
FN:233,DegenerusVaultShare.constructor.0
FNDA:434,DegenerusVaultShare.constructor.0
DA:234,434
DA:235,434
DA:236,434
DA:237,434
DA:238,434
DA:248,0
FN:248,DegenerusVaultShare.approve
FNDA:0,DegenerusVaultShare.approve
DA:249,0
DA:250,0
DA:251,0
DA:260,0
FN:260,DegenerusVaultShare.transfer
FNDA:0,DegenerusVaultShare.transfer
DA:261,0
DA:262,0
DA:272,0
FN:272,DegenerusVaultShare.transferFrom
FNDA:0,DegenerusVaultShare.transferFrom
DA:273,0
DA:274,0
BRDA:274,1,0,-
DA:275,0
BRDA:275,2,0,-
DA:276,0
DA:277,0
DA:278,0
DA:280,0
DA:281,0
DA:293,0
FN:293,DegenerusVaultShare.vaultMint
FNDA:0,DegenerusVaultShare.vaultMint
DA:294,0
BRDA:294,3,0,-
DA:296,0
DA:297,0
DA:299,0
DA:308,27055
FN:308,DegenerusVaultShare.vaultBurn
FNDA:27055,DegenerusVaultShare.vaultBurn
DA:309,27055
DA:310,27055
BRDA:310,4,0,0
DA:312,27055
DA:313,27055
DA:315,27055
DA:325,0
FN:325,DegenerusVaultShare._transfer
FNDA:0,DegenerusVaultShare._transfer
DA:326,0
BRDA:326,5,0,-
DA:327,0
DA:328,0
BRDA:328,6,0,-
DA:330,0
DA:331,0
DA:333,0
DA:431,0
FN:431,DegenerusVault.onlyGame
FNDA:0,DegenerusVault.onlyGame
DA:432,0
BRDA:432,7,0,-
DA:437,0
FN:437,DegenerusVault.onlyVaultOwner
FNDA:0,DegenerusVault.onlyVaultOwner
DA:438,0
BRDA:438,8,0,-
DA:444,0
FN:444,DegenerusVault._requireApproved
FNDA:0,DegenerusVault._requireApproved
DA:445,0
BRDA:445,9,0,-
DA:446,0
DA:453,1330
FN:453,DegenerusVault._isVaultOwner
FNDA:1330,DegenerusVault._isVaultOwner
DA:454,1330
DA:455,1330
DA:456,1330
DA:462,1330
FN:462,DegenerusVault.isVaultOwner
FNDA:1330,DegenerusVault.isVaultOwner
DA:463,1330
DA:471,217
FN:471,DegenerusVault.constructor.1
FNDA:217,DegenerusVault.constructor.1
DA:472,217
DA:473,217
DA:475,217
DA:476,217
DA:492,0
FN:492,DegenerusVault.deposit
FNDA:0,DegenerusVault.deposit
DA:493,0
BRDA:493,10,0,-
DA:494,0
DA:495,0
DA:496,0
DA:498,0
DA:499,0
DA:503,61669
FN:503,DegenerusVault.receive
FNDA:61669,DegenerusVault.receive
DA:504,61669
DA:514,0
FN:514,DegenerusVault.gameAdvance
FNDA:0,DegenerusVault.gameAdvance
DA:515,0
DA:527,0
FN:527,DegenerusVault.gamePurchase
FNDA:0,DegenerusVault.gamePurchase
DA:534,0
DA:535,0
DA:548,0
FN:548,DegenerusVault.gamePurchaseTicketsBurnie
FNDA:0,DegenerusVault.gamePurchaseTicketsBurnie
DA:549,0
BRDA:549,11,0,-
DA:550,0
DA:557,0
FN:557,DegenerusVault.gamePurchaseBurnieLootbox
FNDA:0,DegenerusVault.gamePurchaseBurnieLootbox
DA:558,0
BRDA:558,12,0,-
DA:559,0
DA:565,0
FN:565,DegenerusVault.gameOpenLootBox
FNDA:0,DegenerusVault.gameOpenLootBox
DA:566,0
DA:575,0
FN:575,DegenerusVault.gamePurchaseDeityPassFromBoon
FNDA:0,DegenerusVault.gamePurchaseDeityPassFromBoon
DA:576,0
BRDA:576,13,0,-
DA:577,0
BRDA:577,14,0,-
DA:578,0
DA:579,0
BRDA:579,15,0,-
DA:580,0
DA:583,0
BRDA:583,16,0,-
DA:584,0
DA:589,0
FN:589,DegenerusVault.gameClaimWinnings
FNDA:0,DegenerusVault.gameClaimWinnings
DA:590,0
DA:595,0
FN:595,DegenerusVault.gameClaimWhalePass
FNDA:0,DegenerusVault.gameClaimWhalePass
DA:596,0
DA:608,0
FN:608,DegenerusVault.gameDegeneretteBet
FNDA:0,DegenerusVault.gameDegeneretteBet
DA:616,0
DA:617,0
BRDA:617,17,0,-
DA:618,0
DA:619,0
BRDA:619,18,0,-
DA:621,0
DA:634,0
FN:634,DegenerusVault.gameResolveDegeneretteBets
FNDA:0,DegenerusVault.gameResolveDegeneretteBets
DA:635,0
DA:641,0
FN:641,DegenerusVault.gameSetAutoRebuy
FNDA:0,DegenerusVault.gameSetAutoRebuy
DA:642,0
DA:648,0
FN:648,DegenerusVault.gameSetAutoRebuyTakeProfit
FNDA:0,DegenerusVault.gameSetAutoRebuyTakeProfit
DA:649,0
DA:655,0
FN:655,DegenerusVault.gameSetDecimatorAutoRebuy
FNDA:0,DegenerusVault.gameSetDecimatorAutoRebuy
DA:656,0
DA:664,0
FN:664,DegenerusVault.gameSetAfKingMode
FNDA:0,DegenerusVault.gameSetAfKingMode
DA:669,0
DA:676,0
FN:676,DegenerusVault.gameSetOperatorApproval
FNDA:0,DegenerusVault.gameSetOperatorApproval
DA:677,0
DA:683,0
FN:683,DegenerusVault.coinDepositCoinflip
FNDA:0,DegenerusVault.coinDepositCoinflip
DA:684,0
DA:691,0
FN:691,DegenerusVault.coinClaimCoinflips
FNDA:0,DegenerusVault.coinClaimCoinflips
DA:692,0
DA:698,0
FN:698,DegenerusVault.coinDecimatorBurn
FNDA:0,DegenerusVault.coinDecimatorBurn
DA:699,0
DA:706,0
FN:706,DegenerusVault.coinSetAutoRebuy
FNDA:0,DegenerusVault.coinSetAutoRebuy
DA:707,0
DA:713,0
FN:713,DegenerusVault.coinSetAutoRebuyTakeProfit
FNDA:0,DegenerusVault.coinSetAutoRebuyTakeProfit
DA:714,0
DA:721,0
FN:721,DegenerusVault.wwxrpMint
FNDA:0,DegenerusVault.wwxrpMint
DA:722,0
BRDA:722,19,0,-
DA:723,0
DA:729,0
FN:729,DegenerusVault.jackpotsClaimDecimator
FNDA:0,DegenerusVault.jackpotsClaimDecimator
DA:730,0
DA:740,0
FN:740,DegenerusVault.sdgnrsBurn
FNDA:0,DegenerusVault.sdgnrsBurn
DA:741,0
DA:746,0
FN:746,DegenerusVault.sdgnrsClaimRedemption
FNDA:0,DegenerusVault.sdgnrsClaimRedemption
DA:747,0
DA:764,13205
FN:764,DegenerusVault.burnCoin
FNDA:13205,DegenerusVault.burnCoin
DA:765,13205
BRDA:765,20,0,0
BRDA:765,20,1,0
DA:766,0
DA:767,13205
BRDA:767,21,0,0
DA:768,0
DA:770,13205
DA:777,13205
FN:777,DegenerusVault._burnCoinFor
FNDA:13205,DegenerusVault._burnCoinFor
DA:778,13205
DA:779,13205
BRDA:779,22,0,0
DA:781,13205
DA:782,13205
DA:783,13205
DA:784,13205
DA:785,13205
BRDA:785,23,0,3475
DA:786,3475
DA:788,13205
DA:790,13205
DA:791,13205
BRDA:791,24,0,0
DA:792,0
DA:795,13205
DA:796,13205
BRDA:796,25,0,8216
DA:797,8216
DA:798,0
BRDA:798,26,0,-
DA:799,0
DA:800,0
DA:801,0
BRDA:801,27,0,-
DA:804,8216
BRDA:804,28,0,2178
DA:805,2178
DA:806,2178
BRDA:806,29,0,2178
DA:807,2178
DA:808,2178
BRDA:808,30,0,0
DA:812,6038
BRDA:812,31,0,6038
DA:813,6038
DA:814,6038
DA:831,13850
FN:831,DegenerusVault.burnEth
FNDA:13850,DegenerusVault.burnEth
DA:835,13850
BRDA:835,32,0,0
BRDA:835,32,1,0
DA:836,0
DA:837,13850
BRDA:837,33,0,0
DA:838,0
DA:840,13850
DA:848,13850
FN:848,DegenerusVault._burnEthFor
FNDA:13850,DegenerusVault._burnEthFor
DA:852,13850
DA:853,13850
BRDA:853,34,0,0
DA:855,13850
DA:856,13850
DA:857,13850
BRDA:857,35,0,13850
BRDA:857,35,1,0
DA:858,13850
DA:861,0
DA:864,13850
DA:865,13850
DA:866,13850
DA:868,13850
BRDA:868,36,0,0
DA:869,0
DA:870,0
DA:871,0
DA:874,13850
BRDA:874,37,0,13850
BRDA:874,37,1,0
DA:875,13850
DA:877,0
DA:878,0
DA:879,0
BRDA:879,38,0,-
DA:882,13850
DA:883,13850
BRDA:883,39,0,0
DA:884,0
DA:887,13850
DA:889,13850
BRDA:889,40,0,0
DA:890,13850
BRDA:890,41,0,5807
DA:902,0
FN:902,DegenerusVault.previewBurnForCoinOut
FNDA:0,DegenerusVault.previewBurnForCoinOut
DA:903,0
DA:904,0
BRDA:904,42,0,-
DA:905,0
DA:906,0
DA:916,0
FN:916,DegenerusVault.previewBurnForEthOut
FNDA:0,DegenerusVault.previewBurnForEthOut
DA:919,0
DA:920,0
DA:921,0
BRDA:921,43,0,-
DA:923,0
DA:925,0
DA:926,0
BRDA:926,44,0,-
BRDA:926,44,1,-
DA:927,0
DA:929,0
DA:930,0
DA:942,0
FN:942,DegenerusVault.previewCoin
FNDA:0,DegenerusVault.previewCoin
DA:943,0
DA:944,0
BRDA:944,45,0,-
DA:945,0
DA:946,0
DA:954,0
FN:954,DegenerusVault.previewEth
FNDA:0,DegenerusVault.previewEth
DA:955,0
DA:956,0
BRDA:956,46,0,-
DA:957,0
DA:958,0
DA:960,0
BRDA:960,47,0,-
BRDA:960,47,1,-
DA:961,0
DA:963,0
DA:964,0
DA:974,0
FN:974,DegenerusVault._combinedValue
FNDA:0,DegenerusVault._combinedValue
DA:975,0
BRDA:975,48,0,-
DA:976,0
DA:978,0
DA:979,0
BRDA:979,49,0,-
DA:986,13850
FN:986,DegenerusVault._syncEthReserves
FNDA:13850,DegenerusVault._syncEthReserves
DA:987,13850
DA:988,13850
DA:990,13850
DA:995,13205
FN:995,DegenerusVault._syncCoinReserves
FNDA:13205,DegenerusVault._syncCoinReserves
DA:996,13205
DA:997,13205
DA:1002,0
FN:1002,DegenerusVault._coinReservesView
FNDA:0,DegenerusVault._coinReservesView
DA:1003,0
DA:1004,0
DA:1005,0
DA:1006,0
DA:1007,0
BRDA:1007,50,0,-
DA:1009,0
DA:1017,0
FN:1017,DegenerusVault._ethReservesView
FNDA:0,DegenerusVault._ethReservesView
DA:1018,0
DA:1019,0
DA:1020,0
DA:1022,0
DA:1024,0
DA:1025,0
BRDA:1025,51,0,-
BRDA:1025,51,1,-
DA:1027,0
DA:1030,0
DA:1033,0
DA:1039,13850
FN:1039,DegenerusVault._stethBalance
FNDA:13850,DegenerusVault._stethBalance
DA:1040,13850
DA:1046,5807
FN:1046,DegenerusVault._payEth
FNDA:5807,DegenerusVault._payEth
DA:1047,5807
DA:1048,5807
BRDA:1048,52,0,5807
DA:1054,0
FN:1054,DegenerusVault._paySteth
FNDA:0,DegenerusVault._paySteth
DA:1055,0
BRDA:1055,53,0,-
DA:1061,0
FN:1061,DegenerusVault._pullSteth
FNDA:0,DegenerusVault._pullSteth
DA:1062,0
BRDA:1062,54,0,-
DA:1063,0
BRDA:1063,55,0,-
FNF:57
FNH:14
LF:265
LH:86
BRF:63
BRH:9
end_of_record
TN:
SF:contracts/DeityBoonViewer.sol
DA:93,0
FN:93,DeityBoonViewer.deityBoonSlots
FNDA:0,DeityBoonViewer.deityBoonSlots
DA:97,0
DA:103,0
DA:105,0
DA:106,0
DA:108,0
DA:109,0
DA:110,0
DA:111,0
BRDA:111,0,0,-
DA:112,0
DA:113,0
DA:122,0
FN:122,DeityBoonViewer._boonFromRoll
FNDA:0,DeityBoonViewer._boonFromRoll
DA:127,0
DA:128,0
DA:129,0
BRDA:129,1,0,-
DA:130,0
DA:131,0
BRDA:131,2,0,-
DA:132,0
DA:133,0
BRDA:133,3,0,-
DA:134,0
DA:135,0
BRDA:135,4,0,-
DA:136,0
DA:137,0
BRDA:137,5,0,-
DA:138,0
DA:139,0
BRDA:139,6,0,-
DA:140,0
DA:141,0
BRDA:141,7,0,-
DA:142,0
DA:143,0
BRDA:143,8,0,-
DA:144,0
DA:145,0
BRDA:145,9,0,-
DA:146,0
BRDA:146,10,0,-
DA:147,0
DA:148,0
BRDA:148,11,0,-
DA:149,0
DA:150,0
BRDA:150,12,0,-
DA:151,0
DA:152,0
BRDA:152,13,0,-
DA:154,0
DA:155,0
BRDA:155,14,0,-
DA:156,0
DA:157,0
BRDA:157,15,0,-
DA:158,0
DA:159,0
BRDA:159,16,0,-
DA:160,0
BRDA:160,17,0,-
DA:161,0
DA:162,0
BRDA:162,18,0,-
DA:163,0
DA:164,0
BRDA:164,19,0,-
DA:165,0
DA:166,0
BRDA:166,20,0,-
DA:168,0
DA:169,0
BRDA:169,21,0,-
DA:170,0
DA:171,0
BRDA:171,22,0,-
DA:172,0
DA:173,0
BRDA:173,23,0,-
DA:174,0
DA:175,0
BRDA:175,24,0,-
DA:176,0
DA:177,0
BRDA:177,25,0,-
DA:178,0
DA:179,0
BRDA:179,26,0,-
DA:180,0
DA:181,0
BRDA:181,27,0,-
DA:182,0
FNF:2
FNH:0
LF:66
LH:0
BRF:28
BRH:0
end_of_record
TN:
SF:contracts/GNRUS.sol
DA:244,11202
FN:244,GNRUS.onlyGame
FNDA:11202,GNRUS.onlyGame
DA:245,11202
BRDA:245,0,0,0
[...]
DA:182,41105
BRDA:182,17,0,0
DA:184,41105
DA:185,41105
DA:186,41105
DA:187,41105
BRDA:187,18,0,0
DA:189,41105
DA:190,41105
BRDA:190,19,0,41105
DA:194,41105
DA:201,164480
FN:201,CompositionHandler._checkCompositionInvariants
FNDA:164480,CompositionHandler._checkCompositionInvariants
DA:202,164480
DA:203,0
DA:204,0
DA:205,0
DA:209,164480
FN:209,CompositionHandler._checkGapBits
FNDA:164480,CompositionHandler._checkGapBits
DA:210,164480
DA:211,164480
DA:212,164480
DA:213,164480
DA:214,164480
BRDA:214,20,0,0
DA:215,0
DA:220,164480
FN:220,CompositionHandler._checkPoolSolvency
FNDA:164480,CompositionHandler._checkPoolSolvency
DA:221,164480
DA:222,164480
DA:223,164480
DA:224,164480
DA:225,164480
DA:226,164480
BRDA:226,21,0,0
DA:227,0
DA:232,164480
FN:232,CompositionHandler._checkLevelMonotonicity
FNDA:164480,CompositionHandler._checkLevelMonotonicity
DA:233,164480
DA:234,164480
BRDA:234,22,0,0
DA:235,0
DA:237,164480
DA:241,164480
FN:241,CompositionHandler._checkGameOverLatch
FNDA:164480,CompositionHandler._checkGameOverLatch
DA:242,164480
DA:243,0
BRDA:243,23,0,-
BRDA:243,23,1,-
DA:244,0
DA:245,0
BRDA:245,24,0,-
DA:247,0
FNF:11
FNH:11
LF:95
LH:85
BRF:26
BRH:14
end_of_record
TN:
SF:test/fuzz/handlers/DegeneretteHandler.sol
DA:41,10772
FN:41,DegeneretteHandler.useActor
FNDA:10772,DegeneretteHandler.useActor
DA:42,10772
DA:46,4
FN:46,DegeneretteHandler.constructor
FNDA:4,DegeneretteHandler.constructor
DA:47,4
DA:48,4
DA:49,4
DA:50,32
DA:51,32
DA:52,32
DA:62,11284
FN:62,DegeneretteHandler.placeEthBet
FNDA:11284,DegeneretteHandler.placeEthBet
DA:69,11284
DA:71,11284
BRDA:71,0,0,0
DA:74,11284
DA:75,11284
DA:77,11284
DA:79,11284
DA:80,11284
BRDA:80,1,0,1792
DA:82,11284
DA:83,11284
BRDA:83,2,0,0
DA:86,0
DA:88,11284
DA:89,11284
BRDA:89,3,0,11284
DA:97,11284
DA:98,11284
DA:100,11284
DA:101,11284
DA:102,11284
DA:103,0
BRDA:103,3,1,-
DA:104,0
DA:110,10772
FN:110,DegeneretteHandler.resolveBets
FNDA:10772,DegeneretteHandler.resolveBets
DA:111,10772
DA:113,10772
DA:114,10772
BRDA:114,4,0,6183
DA:117,4589
DA:119,4589
DA:120,4589
DA:122,4589
DA:124,4589
DA:125,4589
BRDA:125,5,0,4589
DA:126,783
DA:127,783
DA:128,783
BRDA:128,6,0,454
DA:129,454
DA:131,783
DA:132,3806
BRDA:132,5,1,3806
DA:133,3806
DA:139,11008
FN:139,DegeneretteHandler.fulfillVrf
FNDA:11008,DegeneretteHandler.fulfillVrf
DA:140,11008
DA:142,11008
DA:143,11008
BRDA:143,7,0,548
DA:145,10460
DA:146,9199
BRDA:146,8,0,9199
DA:148,1261
BRDA:148,9,0,1261
DA:153,11052
FN:153,DegeneretteHandler.purchaseTickets
FNDA:11052,DegeneretteHandler.purchaseTickets
DA:154,11052
BRDA:154,10,0,0
DA:156,11052
DA:157,11052
DA:158,11052
BRDA:158,11,0,0
DA:160,11052
DA:161,11052
BRDA:161,12,0,11052
DA:168,11052
DA:173,10684
FN:173,DegeneretteHandler.warpTime
FNDA:10684,DegeneretteHandler.warpTime
DA:174,10684
DA:175,10684
DA:180,11048
FN:180,DegeneretteHandler.advanceGame
FNDA:11048,DegeneretteHandler.advanceGame
DA:181,11048
BRDA:181,13,0,0
DA:183,11048
DA:184,11048
BRDA:184,14,0,11048
DA:190,0
FN:190,DegeneretteHandler._ensureActivePurchasePhase
FNDA:0,DegeneretteHandler._ensureActivePurchasePhase
DA:197,11284
FN:197,DegeneretteHandler._sanitizeTicket
FNDA:11284,DegeneretteHandler._sanitizeTicket
DA:198,11284
DA:199,11284
DA:200,45136
DA:202,45136
DA:203,45136
DA:204,45136
DA:206,0
FNF:10
FNH:9
LF:77
LH:72
BRF:17
BRH:11
end_of_record
TN:
SF:test/fuzz/handlers/FSMHandler.sol
DA:32,26880
FN:32,FSMHandler.useActor
FNDA:26880,FSMHandler.useActor
DA:33,26880
DA:37,4
FN:37,FSMHandler.constructor
FNDA:4,FSMHandler.constructor
DA:38,4
DA:39,4
DA:40,4
DA:41,40
DA:42,40
DA:43,40
DA:48,26880
FN:48,FSMHandler.purchase
FNDA:26880,FSMHandler.purchase
DA:53,26880
DA:55,26880
DA:56,26880
DA:58,0
BRDA:58,0,0,-
DA:60,0
DA:61,0
DA:64,26880
DA:65,26880
DA:67,26880
DA:68,26880
DA:69,26880
DA:71,26880
BRDA:71,1,0,0
DA:73,26880
DA:74,26880
BRDA:74,2,0,26880
DA:82,26880
DA:86,26004
FN:86,FSMHandler.advanceGame
FNDA:26004,FSMHandler.advanceGame
DA:87,26004
DA:89,26004
DA:90,26004
DA:92,0
BRDA:92,3,0,-
DA:93,0
DA:94,0
DA:97,26004
DA:98,26004
BRDA:98,4,0,26004
DA:100,26004
DA:104,26320
FN:104,FSMHandler.fulfillVrf
FNDA:26320,FSMHandler.fulfillVrf
DA:105,26320
DA:107,26320
DA:108,26320
DA:110,26320
DA:111,26320
BRDA:111,5,0,1144
DA:113,25176
DA:114,23135
BRDA:114,6,0,23135
DA:116,2041
BRDA:116,7,0,2041
DA:118,2041
DA:122,26508
FN:122,FSMHandler.warpPastVrfTimeout
FNDA:26508,FSMHandler.warpPastVrfTimeout
DA:123,26508
DA:127,25872
FN:127,FSMHandler.warpTime
FNDA:25872,FSMHandler.warpTime
DA:128,25872
DA:129,25872
DA:133,54925
FN:133,FSMHandler._updateFSMState
FNDA:54925,FSMHandler._updateFSMState
DA:134,54925
DA:135,54925
DA:138,54925
BRDA:138,8,0,0
DA:139,0
DA:143,54925
BRDA:143,9,0,0
DA:144,0
DA:148,54925
BRDA:148,10,0,0
DA:149,0
DA:152,0
BRDA:152,11,0,-
DA:153,0
FNF:8
FNH:8
LF:61
LH:50
BRF:12
BRH:5
end_of_record
TN:
SF:test/fuzz/handlers/GameHandler.sol
DA:32,65525
FN:32,GameHandler.useActor
FNDA:65525,GameHandler.useActor
DA:33,65525
DA:37,20
FN:37,GameHandler.constructor
FNDA:20,GameHandler.constructor
DA:38,20
DA:39,20
DA:40,200
DA:41,200
DA:42,200
DA:50,65161
FN:50,GameHandler.purchase
FNDA:65161,GameHandler.purchase
DA:55,65161
DA:57,65161
BRDA:57,0,0,0
DA:60,65161
DA:61,65161
DA:64,65161
DA:65,65161
DA:66,65161
DA:68,65161
BRDA:68,1,0,0
DA:70,65161
DA:71,65161
BRDA:71,2,0,65161
DA:78,27368
DA:79,27368
DA:80,27368
DA:86,64268
FN:86,GameHandler.advanceGame
FNDA:64268,GameHandler.advanceGame
DA:87,64268
DA:89,64268
BRDA:89,3,0,0
DA:91,64268
DA:92,64268
BRDA:92,4,0,64268
DA:93,30107
DA:94,30107
DA:95,30107
BRDA:95,5,0,0
DA:96,0
DA:103,65525
FN:103,GameHandler.claimWinnings
FNDA:65525,GameHandler.claimWinnings
DA:104,65525
DA:106,65525
DA:108,65525
DA:109,65525
BRDA:109,6,0,65525
DA:110,0
DA:111,0
BRDA:111,7,0,-
DA:112,0
FNF:5
FNH:5
LF:39
LH:35
BRF:8
BRH:3
end_of_record
TN:
SF:test/fuzz/handlers/MultiLevelHandler.sol
DA:46,28152
FN:46,MultiLevelHandler.useActor
FNDA:28152,MultiLevelHandler.useActor
DA:47,28152
DA:51,6
FN:51,MultiLevelHandler.constructor
FNDA:6,MultiLevelHandler.constructor
DA:52,6
DA:53,6
DA:54,6
DA:55,90
DA:56,90
DA:58,90
DA:65,28152
FN:65,MultiLevelHandler.heavyPurchase
FNDA:28152,MultiLevelHandler.heavyPurchase
DA:69,28152
DA:71,28152
BRDA:71,0,0,0
DA:73,28152
DA:75,28152
DA:76,28152
DA:77,28152
BRDA:77,1,0,0
DA:79,28152
DA:81,28152
DA:82,28152
BRDA:82,2,0,28152
DA:89,28152
DA:92,28152
BRDA:92,3,0,1542
BRDA:92,3,1,0
DA:93,1542
DA:94,1542
DA:95,1542
DA:97,26610
BRDA:97,4,0,0
DA:98,26610
BRDA:98,5,0,0
DA:102,28152
DA:108,27762
FN:108,MultiLevelHandler.purchase
FNDA:27762,MultiLevelHandler.purchase
DA:112,27762
DA:114,27762
BRDA:114,6,0,0
DA:116,27762
DA:118,27762
DA:119,27762
DA:120,27762
BRDA:120,7,0,0
DA:122,27762
DA:124,27762
DA:125,27762
BRDA:125,8,0,27762
DA:132,27762
DA:135,27762
DA:140,28380
FN:140,MultiLevelHandler.advanceGame
FNDA:28380,MultiLevelHandler.advanceGame
DA:141,28380
DA:143,28380
BRDA:143,9,0,0
DA:145,28380
DA:147,28380
DA:148,28380
BRDA:148,10,0,28380
DA:150,28380
DA:155,28314
FN:155,MultiLevelHandler.fulfillVrf
FNDA:28314,MultiLevelHandler.fulfillVrf
DA:156,28314
DA:158,28314
DA:159,28314
BRDA:159,11,0,1704
DA:161,26610
DA:162,23795
BRDA:162,12,0,23795
DA:164,2815
DA:166,2815
BRDA:166,13,0,2815
DA:167,2815
DA:170,2815
DA:174,27390
FN:174,MultiLevelHandler.warpDay
FNDA:27390,MultiLevelHandler.warpDay
DA:175,27390
DA:179,28398
FN:179,MultiLevelHandler.warpPastVrfTimeout
FNDA:28398,MultiLevelHandler.warpPastVrfTimeout
DA:180,28398
DA:184,28980
FN:184,MultiLevelHandler.warpTime
FNDA:28980,MultiLevelHandler.warpTime
DA:185,28980
DA:186,28980
DA:191,87109
FN:191,MultiLevelHandler._checkLevelTransition
FNDA:87109,MultiLevelHandler._checkLevelTransition
DA:192,87109
DA:193,87109
BRDA:193,14,0,0
DA:194,0
DA:195,0
BRDA:195,15,0,-
DA:196,0
DA:199,0
DA:200,0
DA:201,0
DA:202,0
FNF:10
FNH:10
LF:73
LH:66
BRF:17
BRH:7
end_of_record
TN:
SF:test/fuzz/handlers/RedemptionHandler.sol
DA:58,52173
FN:58,RedemptionHandler.useActor
FNDA:52173,RedemptionHandler.useActor
DA:59,52173
DA:76,11
FN:76,RedemptionHandler.constructor
FNDA:11,RedemptionHandler.constructor
DA:83,11
DA:84,11
DA:85,11
DA:86,11
DA:88,11
DA:90,11
DA:91,55
DA:92,55
DA:93,55
DA:96,55
DA:97,55
DA:99,11
DA:109,50864
FN:109,RedemptionHandler.action_burn
FNDA:50864,RedemptionHandler.action_burn
DA:110,50864
DA:113,50864
BRDA:113,0,0,4
DA:114,50860
BRDA:114,1,0,18420
DA:117,32440
DA:118,32440
BRDA:118,2,0,368
DA:121,32072
DA:124,32072
DA:125,32072
DA:127,32072
BRDA:127,3,0,0
DA:129,0
BRDA:129,4,0,-
BRDA:129,4,1,-
DA:130,0
DA:132,0
DA:136,32072
BRDA:136,5,0,0
DA:138,32072
DA:139,32072
DA:140,32072
BRDA:140,6,0,32072
DA:141,32072
DA:150,52085
FN:150,RedemptionHandler.action_advanceDay
FNDA:52085,RedemptionHandler.action_advanceDay
DA:151,52085
DA:153,52085
DA:156,52085
DA:159,52085
BRDA:159,7,0,52085
DA:162,52085
DA:163,52085
BRDA:163,8,0,52085
DA:164,52085
DA:165,52085
BRDA:165,9,0,3680
DA:166,3680
BRDA:166,10,0,3680
DA:171,52085
BRDA:171,11,0,52085
DA:173,52085
DA:176,0
DA:185,52173
FN:185,RedemptionHandler.action_claim
FNDA:52173,RedemptionHandler.action_claim
DA:186,52173
DA:188,52173
DA:189,52173
DA:190,52173
DA:192,52173
DA:193,52173
DA:194,52173
BRDA:194,12,0,52173
DA:195,5059
DA:196,5059
DA:197,5059
DA:200,5059
DA:201,5059
DA:202,5059
DA:203,6479
BRDA:203,13,0,5059
DA:204,5059
DA:205,5059
DA:206,5059
DA:207,5059
DA:208,5059
DA:209,0
DA:218,52173
DA:219,52173
DA:220,52173
BRDA:220,14,0,52173
DA:221,2073
BRDA:221,15,0,0
DA:222,0
DA:226,52173
DA:234,50787
FN:234,RedemptionHandler.action_triggerGameOver
FNDA:50787,RedemptionHandler.action_triggerGameOver
DA:235,50787
DA:237,50787
BRDA:237,16,0,10
DA:239,50777
DA:242,50777
DA:245,50777
BRDA:245,17,0,50777
DA:248,50777
DA:249,50777
BRDA:249,18,0,50777
DA:250,50777
DA:251,50777
BRDA:251,19,0,10935
DA:252,10935
BRDA:252,20,0,10935
DA:257,50777
BRDA:257,21,0,50777
DA:259,50777
DA:268,52085
FN:268,RedemptionHandler._checkResolvedPeriods
FNDA:52085,RedemptionHandler._checkResolvedPeriods
DA:270,52085
DA:271,52085
DA:274,52085
BRDA:274,22,0,0
DA:275,0
DA:279,52085
BRDA:279,23,0,9782
DA:282,9782
DA:283,9782
DA:286,9782
DA:288,9782
BRDA:288,24,0,0
DA:289,0
DA:292,9782
DA:295,52085
DA:304,0
FN:304,RedemptionHandler.getActorCount
FNDA:0,RedemptionHandler.getActorCount
DA:305,0
DA:311,0
FN:311,RedemptionHandler.getActor
FNDA:0,RedemptionHandler.getActor
DA:312,0
DA:316,187107
FN:316,RedemptionHandler._trackSupplyDelta
FNDA:187107,RedemptionHandler._trackSupplyDelta
DA:317,187107
DA:318,187107
BRDA:318,25,0,14543
BRDA:318,25,1,0
DA:319,14543
DA:320,172564
BRDA:320,26,0,0
DA:321,0
FNF:10
FNH:8
LF:109
LH:96
BRF:29
BRH:20
end_of_record
TN:
SF:test/fuzz/handlers/TicketTrackingHandler.sol
DA:30,24069
FN:30,TicketTrackingHandler.useActor
FNDA:24069,TicketTrackingHandler.useActor
DA:31,24069
DA:35,3
FN:35,TicketTrackingHandler.constructor
FNDA:3,TicketTrackingHandler.constructor
DA:36,3
DA:37,3
DA:38,30
DA:39,30
DA:40,30
DA:45,24069
FN:45,TicketTrackingHandler.purchase
FNDA:24069,TicketTrackingHandler.purchase
DA:50,24069
DA:52,24069
BRDA:52,0,0,0
DA:54,24069
DA:55,24069
DA:57,24069
DA:58,24069
DA:59,24069
DA:61,24069
BRDA:61,1,0,0
DA:63,24069
DA:64,24069
BRDA:64,2,0,24069
DA:73,6570
DA:74,6570
BRDA:74,3,0,6570
DA:75,6570
DA:76,6570
DA:84,0
FN:84,TicketTrackingHandler.verifyConsistency
FNDA:0,TicketTrackingHandler.verifyConsistency
DA:85,0
DA:86,0
BRDA:86,4,0,-
DA:89,0
DA:91,0
DA:92,0
DA:93,0
BRDA:93,5,0,-
DA:98,0
DA:100,0
FNF:4
FNH:3
LF:32
LH:23
BRF:6
BRH:2
end_of_record
TN:
SF:test/fuzz/handlers/VRFPathHandler.sol
DA:49,90028
FN:49,VRFPathHandler._lootboxRngIndex
FNDA:90028,VRFPathHandler._lootboxRngIndex
DA:50,90028
DA:54,33418
FN:54,VRFPathHandler._dailyIdx
FNDA:33418,VRFPathHandler._dailyIdx
DA:55,33418
DA:56,33418
DA:60,0
FN:60,VRFPathHandler._lootboxRngWord
FNDA:0,VRFPathHandler._lootboxRngWord
DA:61,0
DA:62,0
DA:65,33243
FN:65,VRFPathHandler.useActor
FNDA:33243,VRFPathHandler.useActor
DA:66,33243
DA:70,7
FN:70,VRFPathHandler.constructor
FNDA:7,VRFPathHandler.constructor
DA:76,7
DA:77,7
DA:78,7
DA:79,7
DA:80,35
DA:81,35
DA:82,35
DA:84,7
DA:92,33243
FN:92,VRFPathHandler.purchase
FNDA:33243,VRFPathHandler.purchase
DA:97,33243
DA:99,33243
BRDA:99,0,0,0
DA:101,33243
DA:102,33243
DA:104,33243
DA:105,33243
DA:106,33243
DA:108,33243
BRDA:108,1,0,0
DA:110,33243
DA:111,33243
BRDA:111,2,0,33243
DA:117,17826
BRDA:117,2,1,17826
DA:118,17826
DA:123,33418
FN:123,VRFPathHandler.advanceGame
FNDA:33418,VRFPathHandler.advanceGame
DA:124,33418
DA:126,33418
BRDA:126,3,0,0
DA:128,33418
DA:129,33418
DA:132,33418
DA:134,33418
BRDA:134,4,0,33418
BRDA:134,4,1,10880
DA:135,10880
DA:138,22538
DA:139,0
DA:142,22538
BRDA:142,5,0,0
DA:143,0
DA:147,22538
BRDA:147,6,0,0
DA:148,0
DA:157,22538
BRDA:157,7,0,1784
DA:158,1784
DA:160,1784
BRDA:160,8,0,1784
DA:164,1784
BRDA:164,9,0,1756
DA:165,1756
DA:166,1756
DA:167,1756
BRDA:167,10,0,465
DA:168,1756
DA:169,120961
BRDA:169,11,0,0
DA:170,0
DA:174,1756
DA:175,1756
BRDA:175,12,0,1532
DA:176,1532
DA:180,1784
DA:181,1784
DA:185,22538
BRDA:185,13,0,0
DA:186,0
DA:191,33082
FN:191,VRFPathHandler.fulfillVrf
FNDA:33082,VRFPathHandler.fulfillVrf
DA:192,33082
DA:194,33082
DA:195,33082
BRDA:195,14,0,19313
DA:197,13769
DA:198,6605
BRDA:198,15,0,6605
DA:200,7164
DA:202,7164
BRDA:202,16,0,7164
BRDA:202,16,1,0
DA:203,0
DA:206,7164
DA:210,7164
BRDA:210,17,0,0
DA:211,0
BRDA:211,18,0,-
DA:212,0
DA:218,32270
FN:218,VRFPathHandler.requestLootboxRng
FNDA:32270,VRFPathHandler.requestLootboxRng
DA:219,32270
DA:221,32270
BRDA:221,19,0,12533
DA:223,19737
DA:225,19737
BRDA:225,20,0,19737
BRDA:225,20,1,19737
DA:226,19737
DA:229,0
DA:232,0
BRDA:232,21,0,-
DA:233,0
DA:236,0
BRDA:236,22,0,-
DA:237,0
DA:242,32816
FN:242,VRFPathHandler.coordinatorSwap
FNDA:32816,VRFPathHandler.coordinatorSwap
DA:243,32816
DA:245,32816
BRDA:245,23,0,0
DA:247,32816
DA:249,32816
DA:250,32816
DA:251,32816
DA:253,32816
DA:254,32816
BRDA:254,24,0,32816
DA:258,0
BRDA:258,24,1,-
DA:259,0
DA:262,0
DA:263,32816
DA:264,32816
DA:267,32816
BRDA:267,25,0,0
DA:268,0
DA:273,32515
FN:273,VRFPathHandler.warpTime
FNDA:32515,VRFPathHandler.warpTime
DA:274,32515
DA:275,32515
DA:276,32515
DA:280,32928
FN:280,VRFPathHandler.warpPastTimeout
FNDA:32928,VRFPathHandler.warpPastTimeout
DA:281,32928
FNF:12
FNH:11
LF:109
LH:89
BRF:31
BRH:16
end_of_record
TN:
SF:test/fuzz/handlers/VaultHandler.sol
DA:43,13950
FN:43,VaultHandler.useActor
FNDA:13950,VaultHandler.useActor
DA:44,13950
DA:48,5
FN:48,VaultHandler.constructor
FNDA:5,VaultHandler.constructor
DA:56,5
DA:57,5
DA:58,5
DA:59,5
DA:60,5
DA:62,5
DA:63,25
DA:64,25
DA:65,25
DA:71,13850
FN:71,VaultHandler.burnEth
FNDA:13850,VaultHandler.burnEth
DA:72,13850
DA:75,13850
DA:77,13850
DA:78,13850
BRDA:78,0,0,13850
DA:79,8043
DA:80,8043
DA:81,8043
DA:87,13205
FN:87,VaultHandler.burnCoin
FNDA:13205,VaultHandler.burnCoin
DA:88,13205
DA:90,13205
DA:92,13205
DA:93,13205
BRDA:93,1,0,13205
DA:94,11027
DA:95,11027
DA:96,11027
DA:103,13950
FN:103,VaultHandler.purchase
FNDA:13950,VaultHandler.purchase
DA:104,13950
DA:106,13950
BRDA:106,2,0,0
DA:108,13950
DA:110,13950
DA:111,13950
DA:112,13950
BRDA:112,3,0,0
DA:114,13950
DA:115,13950
BRDA:115,4,0,13950
DA:122,13950
DA:128,13785
FN:128,VaultHandler.advanceGame
FNDA:13785,VaultHandler.advanceGame
DA:129,13785
BRDA:129,5,0,0
DA:131,13785
DA:132,13785
BRDA:132,6,0,13785
DA:136,13745
FN:136,VaultHandler.fulfillVrf
FNDA:13745,VaultHandler.fulfillVrf
DA:137,13745
DA:138,13745
BRDA:138,7,0,665
DA:140,13080
DA:141,11706
BRDA:141,8,0,11706
DA:143,1374
BRDA:143,9,0,1374
DA:147,13830
FN:147,VaultHandler.warpTime
FNDA:13830,VaultHandler.warpTime
DA:148,13830
DA:149,13830
FNF:8
FNH:8
LF:51
LH:51
BRF:10
BRH:7
end_of_record
TN:
SF:test/fuzz/handlers/WhaleHandler.sol
DA:27,40788
FN:27,WhaleHandler.useActor
FNDA:40788,WhaleHandler.useActor
DA:28,40788
DA:32,11
FN:32,WhaleHandler.constructor
FNDA:11,WhaleHandler.constructor
DA:33,11
DA:34,11
DA:36,55
DA:37,55
DA:38,55
DA:45,40788
FN:45,WhaleHandler.purchaseWhaleBundle
FNDA:40788,WhaleHandler.purchaseWhaleBundle
DA:49,40788
DA:51,40788
BRDA:51,0,0,0
DA:53,40788
DA:58,40788
DA:59,40788
BRDA:59,1,0,0
DA:61,40788
DA:62,40788
BRDA:62,2,0,40788
DA:63,4661
DA:69,40282
FN:69,WhaleHandler.purchaseLazyPass
FNDA:40282,WhaleHandler.purchaseLazyPass
DA:70,40282
DA:72,40282
BRDA:72,3,0,0
DA:76,40282
DA:77,40282
BRDA:77,4,0,0
DA:79,40282
DA:80,40282
BRDA:80,5,0,40282
DA:81,2899
DA:88,39424
FN:88,WhaleHandler.purchaseDeityPass
FNDA:39424,WhaleHandler.purchaseDeityPass
DA:92,39424
DA:94,39424
BRDA:94,6,0,0
DA:96,39424
DA:105,39424
DA:106,39424
BRDA:106,7,0,0
DA:108,39424
DA:109,39424
BRDA:109,8,0,39424
DA:110,1909
FNF:5
FNH:5
LF:34
LH:34
BRF:9
BRH:3
end_of_record
TN:
SF:test/fuzz/handlers/WhaleSybilHandler.sol
DA:45,27490
FN:45,WhaleSybilHandler.useWhale
FNDA:27490,WhaleSybilHandler.useWhale
DA:46,27490
DA:50,27175
FN:50,WhaleSybilHandler.useSybil
FNDA:27175,WhaleSybilHandler.useSybil
DA:51,27175
DA:55,5
FN:55,WhaleSybilHandler.constructor
FNDA:5,WhaleSybilHandler.constructor
DA:56,5
DA:57,5
DA:58,5
DA:61,5
DA:62,15
DA:63,15
DA:64,15
DA:68,5
DA:69,100
DA:70,100
DA:71,100
DA:78,27490
FN:78,WhaleSybilHandler.whaleBundlePurchase
FNDA:27490,WhaleSybilHandler.whaleBundlePurchase
DA:82,27490
DA:84,27490
BRDA:84,0,0,0
DA:86,27490
DA:90,27490
DA:91,27490
BRDA:91,1,0,0
DA:93,27490
DA:94,27490
BRDA:94,2,0,27490
DA:95,3799
DA:96,3799
DA:97,0
DA:98,23691
BRDA:98,2,1,23691
DA:100,23691
DA:101,23691
BRDA:101,3,0,23691
BRDA:101,3,1,0
DA:102,23691
DA:103,23691
BRDA:103,4,0,23691
DA:104,0
DA:105,0
DA:106,0
DA:107,23691
BRDA:107,4,1,23691
DA:108,23691
DA:111,0
DA:118,27175
FN:118,WhaleSybilHandler.sybilPurchase
FNDA:27175,WhaleSybilHandler.sybilPurchase
DA:119,27175
DA:121,27175
BRDA:121,5,0,0
DA:124,27175
DA:125,27175
DA:126,27175
BRDA:126,6,0,0
DA:128,27175
DA:129,27175
BRDA:129,7,0,27175
DA:136,27175
DA:137,27175
DA:138,0
DA:139,0
BRDA:139,7,1,-
DA:140,0
DA:146,27290
FN:146,WhaleSybilHandler.whaleClaimWinnings
FNDA:27290,WhaleSybilHandler.whaleClaimWinnings
DA:147,27290
DA:149,27290
DA:151,27290
DA:152,27290
BRDA:152,8,0,27290
DA:153,0
DA:154,0
BRDA:154,9,0,-
DA:155,0
DA:162,27695
FN:162,WhaleSybilHandler.advanceGame
FNDA:27695,WhaleSybilHandler.advanceGame
DA:163,27695
DA:165,27695
BRDA:165,10,0,0
DA:168,27695
DA:169,27695
BRDA:169,11,0,15395
BRDA:169,11,1,0
DA:170,15395
DA:171,12300
BRDA:171,12,0,12300
BRDA:171,12,1,0
DA:172,12300
DA:174,0
DA:177,27695
DA:178,27695
BRDA:178,13,0,27695
DA:182,27565
FN:182,WhaleSybilHandler.fulfillVrf
FNDA:27565,WhaleSybilHandler.fulfillVrf
DA:183,27565
DA:184,27565
BRDA:184,14,0,1340
DA:186,26225
DA:187,24180
BRDA:187,15,0,24180
DA:189,2045
BRDA:189,16,0,2045
DA:193,27265
FN:193,WhaleSybilHandler.warpTime
FNDA:27265,WhaleSybilHandler.warpTime
DA:194,27265
DA:195,27265
DA:201,30974
FN:201,WhaleSybilHandler._trackBalance
FNDA:30974,WhaleSybilHandler._trackBalance
DA:202,30974
DA:203,30974
BRDA:203,17,0,30974
DA:204,30974
DA:207,30974
DA:208,30974
DA:209,30974
DA:210,30974
DA:212,30974
BRDA:212,18,0,27389
DA:213,27389
DA:214,27389
BRDA:214,19,0,1200
DA:215,1200
FNF:10
FNH:10
LF:91
LH:79
BRF:26
BRH:16
end_of_record
TN:
SF:test/fuzz/helpers/DeployProtocol.sol
DA:77,217
FN:77,DeployProtocol._deployProtocol
FNDA:217,DeployProtocol._deployProtocol
DA:79,217
DA:83,217
DA:84,217
DA:85,217
DA:86,217
DA:90,217
DA:91,217
DA:92,217
DA:93,217
DA:94,217
DA:95,217
DA:96,217
DA:97,217
DA:98,217
DA:99,217
DA:101,217
DA:103,217
DA:105,217
DA:106,217
DA:109,217
DA:117,217
DA:118,217
DA:119,217
DA:122,217
DA:126,217
DA:129,217
DA:132,217
DA:135,217
FNF:1
FNH:1
LF:29
LH:29
BRF:0
BRH:0
end_of_record
TN:
SF:test/fuzz/helpers/VRFHandler.sol
DA:19,81
FN:19,VRFHandler.constructor
FNDA:81,VRFHandler.constructor
DA:20,81
DA:21,81
DA:26,139998
FN:26,VRFHandler.fulfillVrf
FNDA:139998,VRFHandler.fulfillVrf
DA:27,139998
DA:28,139998
BRDA:28,0,0,30777
DA:30,109221
DA:31,103069
BRDA:31,1,0,103069
DA:33,6152
BRDA:33,2,0,6152
DA:34,6152
DA:41,143314
FN:41,VRFHandler.warpPastVrfTimeout
FNDA:143314,VRFHandler.warpPastVrfTimeout
DA:42,143314
DA:47,141516
FN:47,VRFHandler.warpTime
FNDA:141516,VRFHandler.warpTime
DA:48,141516
DA:49,141516
FNF:4
FNH:4
LF:15
LH:15
BRF:3
BRH:3
end_of_record
